<?xml version="1.0" encoding="UTF-8" standalone="yes"?>
<testResultsCollector>
    <testResult>
        <testId>-2099668045</testId>
        <customerName>ale</customerName>
        <serviceName>ale</serviceName>
        <loadGeneratorID>LHSSawToothLoadGenerator</loadGeneratorID>
        <traceURL>http://10.99.0.7:8083/trace?tracespec=300:clients1,sawtooth,0.3,73.0;</traceURL>
        <recordedAt>1383907357018</recordedAt>
        <states>1.0 1.0 1.0 1.0 1.0 1.0 1.0 1.0 1.0 1.0 1.0 1.0 1.0 1.0 1.0 1.0 1.0 1.0 1.0 1.0 1.0 1.0 1.0 1.0 1.0 1.0 1.0 1.0 1.0 1.0 1.0 1.0 1.0 1.0 1.0 1.0 1.0 2.0 2.0 2.0 2.0 1.0 1.0 1.0 1.0 1.0 1.0 1.0 2.0 2.0 2.0 2.0 1.0 1.0 1.0 1.0 1.0 1.0 1.0 1.0 1.0 1.0 1.0 1.0 1.0 1.0 1.0 1.0 1.0 1.0 1.0 1.0 1.0 1.0 1.0 1.0 1.0 1.0 1.0 1.0 1.0 1.0 1.0 1.0 1.0 1.0 1.0 1.0 1.0 1.0</states>
        <parameters>0.3 73.0</parameters>
        <controllerDB>jdbc:hsqldb:file:./datacollection-experiment/iter--2099668045-controller</controllerDB>
        <serviceDB>jdbc:hsqldb:file:./datacollection-experiment/iter--2099668045-service</serviceDB>
        <clientsDB>./datacollection-experiment/iter--2099668045-clients</clientsDB>
        <testReports>
            <testReport>
                <testedProperty>plasticity</testedProperty>
                <testOutcome>PASSED</testOutcome>
            </testReport>
            <testReport>
                <testedProperty>inelasticity</testedProperty>
                <testOutcome>PASSED</testOutcome>
            </testReport>
            <testReport>
                <testedProperty>no-failed-request</testedProperty>
                <testOutcome>PASSED</testOutcome>
            </testReport>
            <testReport>
                <testedProperty>absolute-failed-requests-10</testedProperty>
                <testOutcome>PASSED</testOutcome>
            </testReport>
            <testReport>
                <testedProperty>relative-failed-requests-1.0%</testedProperty>
                <testOutcome>PASSED</testOutcome>
            </testReport>
            <testReport>
                <testedProperty>relative-failed-requests-5.0%</testedProperty>
                <testOutcome>PASSED</testOutcome>
            </testReport>
            <testReport>
                <testedProperty>relative-failed-requests-10.0%</testedProperty>
                <testOutcome>PASSED</testOutcome>
            </testReport>
            <testReport>
                <testedProperty>avg-response-time</testedProperty>
                <testOutcome>PASSED</testOutcome>
            </testReport>
        </testReports>
    </testResult>
    <testResult>
        <testId>-1220113684</testId>
        <customerName>ale</customerName>
        <serviceName>ale</serviceName>
        <loadGeneratorID>LHSSawToothLoadGenerator</loadGeneratorID>
        <traceURL>http://10.99.0.7:8083/trace?tracespec=300:clients1,sawtooth,0.52,214.0;</traceURL>
        <recordedAt>1383908505321</recordedAt>
        <states>1.0 1.0 1.0 1.0 1.0 1.0 1.0 1.0 1.0 1.0 1.0 1.0 1.0 1.0 1.0 1.0 1.0 1.0 1.0 1.0 1.0 1.0 1.0 1.0 1.0 1.0 2.0 2.0 2.0 2.0 2.0 2.0 2.0 2.0 5.0 5.0 5.0 5.0 5.0 5.0 4.0 4.0 4.0 4.0 4.0 4.0 4.0 4.0 4.0 4.0 4.0 3.0 3.0 3.0 3.0 3.0 3.0 3.0 3.0 3.0 3.0 3.0 2.0 2.0 2.0 2.0 2.0 2.0 2.0 2.0 2.0 2.0 2.0 1.0 1.0</states>
        <parameters>0.52 214.0</parameters>
        <controllerDB>jdbc:hsqldb:file:./datacollection-experiment/iter--1220113684-controller</controllerDB>
        <serviceDB>jdbc:hsqldb:file:./datacollection-experiment/iter--1220113684-service</serviceDB>
        <clientsDB>./datacollection-experiment/iter--1220113684-clients</clientsDB>
        <testReports>
            <testReport>
                <testedProperty>plasticity</testedProperty>
                <testOutcome>PASSED</testOutcome>
            </testReport>
            <testReport>
                <testedProperty>inelasticity</testedProperty>
                <testOutcome>PASSED</testOutcome>
            </testReport>
            <testReport>
                <testedProperty>no-failed-request</testedProperty>
                <testOutcome>PASSED</testOutcome>
            </testReport>
            <testReport>
                <testedProperty>absolute-failed-requests-10</testedProperty>
                <testOutcome>PASSED</testOutcome>
            </testReport>
            <testReport>
                <testedProperty>relative-failed-requests-1.0%</testedProperty>
                <testOutcome>PASSED</testOutcome>
            </testReport>
            <testReport>
                <testedProperty>relative-failed-requests-5.0%</testedProperty>
                <testOutcome>PASSED</testOutcome>
            </testReport>
            <testReport>
                <testedProperty>relative-failed-requests-10.0%</testedProperty>
                <testOutcome>PASSED</testOutcome>
            </testReport>
            <testReport>
                <testedProperty>avg-response-time</testedProperty>
                <testOutcome>PASSED</testOutcome>
            </testReport>
        </testReports>
    </testResult>
    <testResult>
        <testId>-997733808</testId>
        <customerName>ale</customerName>
        <serviceName>ale</serviceName>
        <loadGeneratorID>LHSSawToothLoadGenerator</loadGeneratorID>
        <traceURL>http://10.99.0.7:8083/trace?tracespec=300:clients1,sawtooth,0.44,135.0;</traceURL>
        <recordedAt>1383909708161</recordedAt>
        <states>1.0 1.0 1.0 1.0 1.0 1.0 1.0 1.0 1.0 1.0 1.0 1.0 1.0 1.0 1.0 1.0 1.0 1.0 1.0 1.0 1.0 1.0 1.0 1.0 1.0 1.0 1.0</states>
        <parameters>0.44 135.0</parameters>
        <controllerDB>jdbc:hsqldb:file:./datacollection-experiment/iter--997733808-controller</controllerDB>
        <serviceDB>jdbc:hsqldb:file:./datacollection-experiment/iter--997733808-service</serviceDB>
        <clientsDB>./datacollection-experiment/iter--997733808-clients</clientsDB>
        <testReports>
            <testReport>
                <testedProperty>plasticity</testedProperty>
                <testOutcome>SKIPPED</testOutcome>
                <reason>No transitions</reason>
            </testReport>
            <testReport>
                <testedProperty>inelasticity</testedProperty>
                <testOutcome>FAILED</testOutcome>
                <reason>No transitions</reason>
            </testReport>
            <testReport>
                <testedProperty>no-failed-request</testedProperty>
                <testOutcome>PASSED</testOutcome>
            </testReport>
            <testReport>
                <testedProperty>absolute-failed-requests-10</testedProperty>
                <testOutcome>PASSED</testOutcome>
            </testReport>
            <testReport>
                <testedProperty>relative-failed-requests-1.0%</testedProperty>
                <testOutcome>PASSED</testOutcome>
            </testReport>
            <testReport>
                <testedProperty>relative-failed-requests-5.0%</testedProperty>
                <testOutcome>PASSED</testOutcome>
            </testReport>
            <testReport>
                <testedProperty>relative-failed-requests-10.0%</testedProperty>
                <testOutcome>PASSED</testOutcome>
            </testReport>
            <testReport>
                <testedProperty>avg-response-time</testedProperty>
                <testOutcome>PASSED</testOutcome>
            </testReport>
        </testReports>
    </testResult>
    <testResult>
        <testId>-1397890972</testId>
        <customerName>ale</customerName>
        <serviceName>ale</serviceName>
        <loadGeneratorID>LHSSawToothLoadGenerator</loadGeneratorID>
        <traceURL>http://10.99.0.7:8083/trace?tracespec=300:clients1,sawtooth,0.35,176.0;</traceURL>
        <recordedAt>1383910850199</recordedAt>
        <states>1.0 1.0 1.0 1.0 1.0 1.0 1.0 1.0 1.0 1.0 1.0 1.0 1.0 1.0 1.0 1.0 1.0 1.0 1.0 1.0 1.0 1.0 1.0 1.0 1.0 1.0 1.0 1.0 2.0 2.0 2.0 2.0 2.0 2.0 2.0 2.0 2.0 2.0 1.0 1.0 1.0 2.0 2.0 2.0 2.0 2.0 1.0 1.0 1.0 1.0 1.0 1.0 1.0 1.0 1.0 1.0 1.0 1.0 1.0 1.0 1.0 1.0 1.0 1.0 1.0 1.0 1.0 1.0 1.0 1.0 1.0 1.0 1.0 1.0 1.0 1.0 1.0 1.0 1.0 1.0 1.0 1.0 1.0 1.0 1.0 1.0</states>
        <parameters>0.35 176.0</parameters>
        <controllerDB>jdbc:hsqldb:file:./datacollection-experiment/iter--1397890972-controller</controllerDB>
        <serviceDB>jdbc:hsqldb:file:./datacollection-experiment/iter--1397890972-service</serviceDB>
        <clientsDB>./datacollection-experiment/iter--1397890972-clients</clientsDB>
        <testReports>
            <testReport>
                <testedProperty>plasticity</testedProperty>
                <testOutcome>PASSED</testOutcome>
            </testReport>
            <testReport>
                <testedProperty>inelasticity</testedProperty>
                <testOutcome>PASSED</testOutcome>
            </testReport>
            <testReport>
                <testedProperty>no-failed-request</testedProperty>
                <testOutcome>PASSED</testOutcome>
            </testReport>
            <testReport>
                <testedProperty>absolute-failed-requests-10</testedProperty>
                <testOutcome>PASSED</testOutcome>
            </testReport>
            <testReport>
                <testedProperty>relative-failed-requests-1.0%</testedProperty>
                <testOutcome>PASSED</testOutcome>
            </testReport>
            <testReport>
                <testedProperty>relative-failed-requests-5.0%</testedProperty>
                <testOutcome>PASSED</testOutcome>
            </testReport>
            <testReport>
                <testedProperty>relative-failed-requests-10.0%</testedProperty>
                <testOutcome>PASSED</testOutcome>
            </testReport>
            <testReport>
                <testedProperty>avg-response-time</testedProperty>
                <testOutcome>PASSED</testOutcome>
            </testReport>
        </testReports>
    </testResult>
    <testResult>
        <testId>-1642760228</testId>
        <customerName>ale</customerName>
        <serviceName>ale</serviceName>
        <loadGeneratorID>LHSSawToothLoadGenerator</loadGeneratorID>
        <traceURL>http://10.99.0.7:8083/trace?tracespec=300:clients1,sawtooth,0.74,286.0;</traceURL>
        <recordedAt>1383912112111</recordedAt>
        <states>1.0 1.0 1.0 1.0 1.0 1.0 1.0 1.0 1.0 1.0 1.0 1.0 1.0 1.0 1.0 1.0 1.0 1.0 1.0 1.0 1.0 1.0 1.0 1.0 2.0 2.0 2.0 2.0 2.0 2.0 2.0 2.0 2.0 2.0 2.0 2.0</states>
        <parameters>0.74 286.0</parameters>
        <controllerDB>jdbc:hsqldb:file:./datacollection-experiment/iter--1642760228-controller</controllerDB>
        <serviceDB>jdbc:hsqldb:file:./datacollection-experiment/iter--1642760228-service</serviceDB>
        <clientsDB>./datacollection-experiment/iter--1642760228-clients</clientsDB>
        <testReports>
            <testReport>
                <testedProperty>plasticity</testedProperty>
                <testOutcome>FAILED</testOutcome>
                <reason>Transition 2,1 was never observed </reason>
            </testReport>
            <testReport>
                <testedProperty>inelasticity</testedProperty>
                <testOutcome>FAILED</testOutcome>
                <reason>The system did not move away from 2</reason>
            </testReport>
            <testReport>
                <testedProperty>no-failed-request</testedProperty>
                <testOutcome>PASSED</testOutcome>
            </testReport>
            <testReport>
                <testedProperty>absolute-failed-requests-10</testedProperty>
                <testOutcome>PASSED</testOutcome>
            </testReport>
            <testReport>
                <testedProperty>relative-failed-requests-1.0%</testedProperty>
                <testOutcome>PASSED</testOutcome>
            </testReport>
            <testReport>
                <testedProperty>relative-failed-requests-5.0%</testedProperty>
                <testOutcome>PASSED</testOutcome>
            </testReport>
            <testReport>
                <testedProperty>relative-failed-requests-10.0%</testedProperty>
                <testOutcome>PASSED</testOutcome>
            </testReport>
            <testReport>
                <testedProperty>avg-response-time</testedProperty>
                <testOutcome>PASSED</testOutcome>
            </testReport>
        </testReports>
    </testResult>
    <testResult>
        <testId>514902840</testId>
        <customerName>ale</customerName>
        <serviceName>ale</serviceName>
        <loadGeneratorID>LHSSawToothLoadGenerator</loadGeneratorID>
        <traceURL>http://10.99.0.7:8083/trace?tracespec=300:clients1,sawtooth,0.87,75.0;</traceURL>
        <recordedAt>1383913256410</recordedAt>
        <states>1.0 1.0 1.0 1.0 1.0 1.0 1.0 1.0 1.0 1.0 1.0 1.0 1.0 1.0 1.0 1.0 1.0 1.0 1.0 1.0 1.0 1.0 1.0 1.0 2.0 2.0 2.0 2.0 2.0 2.0 2.0 2.0 2.0 1.0 2.0 2.0 2.0 2.0 2.0 2.0 2.0 2.0 2.0 2.0 1.0 1.0 1.0 1.0 1.0 1.0 1.0 1.0 1.0 1.0 1.0 1.0 1.0 1.0 1.0 1.0 1.0 1.0 1.0 1.0 1.0 1.0 1.0 1.0 1.0 1.0 1.0 1.0 1.0 1.0 1.0 1.0 1.0 1.0 1.0 1.0 1.0 1.0 1.0 1.0 1.0 1.0</states>
        <parameters>0.87 75.0</parameters>
        <controllerDB>jdbc:hsqldb:file:./datacollection-experiment/iter-514902840-controller</controllerDB>
        <serviceDB>jdbc:hsqldb:file:./datacollection-experiment/iter-514902840-service</serviceDB>
        <clientsDB>./datacollection-experiment/iter-514902840-clients</clientsDB>
        <testReports>
            <testReport>
                <testedProperty>plasticity</testedProperty>
                <testOutcome>PASSED</testOutcome>
            </testReport>
            <testReport>
                <testedProperty>inelasticity</testedProperty>
                <testOutcome>PASSED</testOutcome>
            </testReport>
            <testReport>
                <testedProperty>no-failed-request</testedProperty>
                <testOutcome>PASSED</testOutcome>
            </testReport>
            <testReport>
                <testedProperty>absolute-failed-requests-10</testedProperty>
                <testOutcome>PASSED</testOutcome>
            </testReport>
            <testReport>
                <testedProperty>relative-failed-requests-1.0%</testedProperty>
                <testOutcome>PASSED</testOutcome>
            </testReport>
            <testReport>
                <testedProperty>relative-failed-requests-5.0%</testedProperty>
                <testOutcome>PASSED</testOutcome>
            </testReport>
            <testReport>
                <testedProperty>relative-failed-requests-10.0%</testedProperty>
                <testOutcome>PASSED</testOutcome>
            </testReport>
            <testReport>
                <testedProperty>avg-response-time</testedProperty>
                <testOutcome>PASSED</testOutcome>
            </testReport>
        </testReports>
    </testResult>
    <testResult>
        <testId>-1400205371</testId>
        <customerName>ale</customerName>
        <serviceName>ale</serviceName>
        <loadGeneratorID>LHSSawToothLoadGenerator</loadGeneratorID>
        <traceURL>http://10.99.0.7:8083/trace?tracespec=300:clients1,sawtooth,0.56,255.0;</traceURL>
        <recordedAt>1383914458370</recordedAt>
        <parameters>0.57 255.0</parameters>
        <serviceDB>jdbc:hsqldb:file:./datacollection-experiment/iter--1400205371-service</serviceDB>
        <clientsDB>./datacollection-experiment/iter--1400205371-clients</clientsDB>
        <testReports>
            <testReport>
                <testedProperty>plasticity</testedProperty>
                <testOutcome>ERROR</testOutcome>
            </testReport>
            <testReport>
                <testedProperty>inelasticity</testedProperty>
                <testOutcome>ERROR</testOutcome>
            </testReport>
            <testReport>
                <testedProperty>no-failed-request</testedProperty>
                <testOutcome>PASSED</testOutcome>
            </testReport>
            <testReport>
                <testedProperty>absolute-failed-requests-10</testedProperty>
                <testOutcome>PASSED</testOutcome>
            </testReport>
            <testReport>
                <testedProperty>relative-failed-requests-1.0%</testedProperty>
                <testOutcome>PASSED</testOutcome>
            </testReport>
            <testReport>
                <testedProperty>relative-failed-requests-5.0%</testedProperty>
                <testOutcome>PASSED</testOutcome>
            </testReport>
            <testReport>
                <testedProperty>relative-failed-requests-10.0%</testedProperty>
                <testOutcome>PASSED</testOutcome>
            </testReport>
            <testReport>
                <testedProperty>avg-response-time</testedProperty>
                <testOutcome>PASSED</testOutcome>
            </testReport>
        </testReports>
    </testResult>
</testResultsCollector>
