<?xml version="1.0" encoding="UTF-8" standalone="yes"?>
<testResultsCollector>
    <testResult>
        <testId>-648346845</testId>
        <customerName>ale</customerName>
        <serviceName>ale</serviceName>
        <loadGeneratorClass>at.ac.tuwien.iter.loadgenerators.TriangleLoadGenerator</loadGeneratorClass>
        <traceURL>http://10.99.0.118:8083/trace?tracespec=300:clients1,triangle,0.0,85.0;</traceURL>
        <recordedAt>1379675800200</recordedAt>
        <states>1.0 1.0 1.0 1.0 1.0 1.0 1.0 1.0 1.0 1.0 1.0 1.0 1.0 1.0 1.0 1.0 1.0 1.0 1.0 1.0 1.0 1.0</states>
        <parameters>0.94 85.0</parameters>
        <controllerDB>jdbc:hsqldb:file:/opt/iter/src/test/resources/datacollection/datacollection1-controller</controllerDB>
        <serviceDB>jdbc:hsqldb:file:/opt/iter/src/test/resources/datacollection/datacollection1-service</serviceDB>
        <clientsDB>/opt/iter/src/test/resources/datacollection/datacollection1-clients</clientsDB>
        <testReports>
            <testReport>
                <testedProperty>plasticity</testedProperty>
                <testOutcome>SKIPPED</testOutcome>
            </testReport>
            <testReport>
                <testedProperty>inelasticity</testedProperty>
                <testOutcome>SKIPPED</testOutcome>
            </testReport>
            <testReport>
                <testedProperty>no-failed-request</testedProperty>
                <testOutcome>ERROR</testOutcome>
            </testReport>
            <testReport>
                <testedProperty>absolute-failed-requests-10</testedProperty>
                <testOutcome>ERROR</testOutcome>
            </testReport>
            <testReport>
                <testedProperty>relative-failed-requests-1.0-100</testedProperty>
                <testOutcome>ERROR</testOutcome>
            </testReport>
            <testReport>
                <testedProperty>relative-failed-requests-5.0-100</testedProperty>
                <testOutcome>ERROR</testOutcome>
            </testReport>
            <testReport>
                <testedProperty>relative-failed-requests-10.0-100</testedProperty>
                <testOutcome>ERROR</testOutcome>
            </testReport>
            <testReport>
                <testedProperty>avg-response-time</testedProperty>
                <testOutcome>PASSED</testOutcome>
            </testReport>
        </testReports>
    </testResult>
    <testResult>
        <testId>71443544</testId>
        <customerName>ale</customerName>
        <serviceName>ale</serviceName>
        <loadGeneratorClass>at.ac.tuwien.iter.loadgenerators.TriangleLoadGenerator</loadGeneratorClass>
        <traceURL>http://10.99.0.118:8083/trace?tracespec=300:clients1,triangle,0.0,133.0;</traceURL>
        <recordedAt>1379676406149</recordedAt>
        <states>1.0 1.0 1.0 1.0 1.0 1.0 1.0 1.0 1.0 1.0 1.0 1.0 1.0 1.0 1.0 1.0 1.0 1.0 1.0 1.0 1.0 1.0 1.0 1.0 1.0 1.0 1.0 1.0 1.0 1.0 1.0 1.0 1.0 1.0 1.0 1.0 1.0 1.0 1.0 1.0 1.0 1.0 1.0 1.0 1.0 1.0 1.0 1.0 1.0 1.0 1.0 1.0 1.0 1.0 1.0 1.0 1.0 1.0</states>
        <parameters>0.55 133.0</parameters>
        <controllerDB>jdbc:hsqldb:file:/opt/iter/src/test/resources/datacollection/datacollection2-controller</controllerDB>
        <serviceDB>jdbc:hsqldb:file:/opt/iter/src/test/resources/datacollection/datacollection2-service</serviceDB>
        <clientsDB>/opt/iter/src/test/resources/datacollection/datacollection2-clients</clientsDB>
        <testReports>
            <testReport>
                <testedProperty>plasticity</testedProperty>
                <testOutcome>SKIPPED</testOutcome>
            </testReport>
            <testReport>
                <testedProperty>inelasticity</testedProperty>
                <testOutcome>SKIPPED</testOutcome>
            </testReport>
            <testReport>
                <testedProperty>no-failed-request</testedProperty>
                <testOutcome>ERROR</testOutcome>
            </testReport>
            <testReport>
                <testedProperty>absolute-failed-requests-10</testedProperty>
                <testOutcome>ERROR</testOutcome>
            </testReport>
            <testReport>
                <testedProperty>relative-failed-requests-1.0-100</testedProperty>
                <testOutcome>ERROR</testOutcome>
            </testReport>
            <testReport>
                <testedProperty>relative-failed-requests-5.0-100</testedProperty>
                <testOutcome>ERROR</testOutcome>
            </testReport>
            <testReport>
                <testedProperty>relative-failed-requests-10.0-100</testedProperty>
                <testOutcome>ERROR</testOutcome>
            </testReport>
            <testReport>
                <testedProperty>avg-response-time</testedProperty>
                <testOutcome>PASSED</testOutcome>
            </testReport>
        </testReports>
    </testResult>
    <testResult>
        <testId>740262320</testId>
        <customerName>ale</customerName>
        <serviceName>ale</serviceName>
        <loadGeneratorClass>at.ac.tuwien.iter.loadgenerators.TriangleLoadGenerator</loadGeneratorClass>
        <traceURL>http://10.99.0.118:8083/trace?tracespec=300:clients1,triangle,0.0,99.0;</traceURL>
        <recordedAt>1379677067169</recordedAt>
        <states>1.0 1.0 1.0 1.0 1.0 1.0 1.0 1.0 1.0 1.0 1.0 1.0 1.0 1.0 1.0 1.0 1.0 1.0 1.0 1.0 1.0 1.0</states>
        <parameters>0.92 99.0</parameters>
        <controllerDB>jdbc:hsqldb:file:/opt/iter/src/test/resources/datacollection/datacollection3-controller</controllerDB>
        <serviceDB>jdbc:hsqldb:file:/opt/iter/src/test/resources/datacollection/datacollection3-service</serviceDB>
        <clientsDB>/opt/iter/src/test/resources/datacollection/datacollection3-clients</clientsDB>
        <testReports>
            <testReport>
                <testedProperty>plasticity</testedProperty>
                <testOutcome>SKIPPED</testOutcome>
            </testReport>
            <testReport>
                <testedProperty>inelasticity</testedProperty>
                <testOutcome>SKIPPED</testOutcome>
            </testReport>
            <testReport>
                <testedProperty>no-failed-request</testedProperty>
                <testOutcome>ERROR</testOutcome>
            </testReport>
            <testReport>
                <testedProperty>absolute-failed-requests-10</testedProperty>
                <testOutcome>ERROR</testOutcome>
            </testReport>
            <testReport>
                <testedProperty>relative-failed-requests-1.0-100</testedProperty>
                <testOutcome>ERROR</testOutcome>
            </testReport>
            <testReport>
                <testedProperty>relative-failed-requests-5.0-100</testedProperty>
                <testOutcome>ERROR</testOutcome>
            </testReport>
            <testReport>
                <testedProperty>relative-failed-requests-10.0-100</testedProperty>
                <testOutcome>ERROR</testOutcome>
            </testReport>
            <testReport>
                <testedProperty>avg-response-time</testedProperty>
                <testOutcome>PASSED</testOutcome>
            </testReport>
        </testReports>
    </testResult>
    <testResult>
        <testId>1022017244</testId>
        <customerName>ale</customerName>
        <serviceName>ale</serviceName>
        <loadGeneratorClass>at.ac.tuwien.iter.loadgenerators.TriangleLoadGenerator</loadGeneratorClass>
        <traceURL>http://10.99.0.118:8083/trace?tracespec=300:clients1,triangle,0.0,224.0;</traceURL>
        <recordedAt>1379677668164</recordedAt>
        <states>1.0 1.0 1.0 1.0 1.0 1.0 1.0 1.0 1.0 1.0 1.0 1.0 1.0 1.0 1.0 1.0 1.0 1.0 1.0 1.0 1.0 1.0 1.0 1.0 1.0 1.0 1.0 1.0 1.0 1.0 1.0 1.0 1.0 1.0 1.0 1.0 1.0 1.0 1.0 1.0 1.0 1.0 1.0 1.0 1.0 1.0 1.0 1.0 1.0 1.0 1.0 1.0 1.0 1.0 1.0 1.0 1.0 1.0 1.0 1.0 1.0 1.0 1.0</states>
        <parameters>0.38 224.0</parameters>
        <controllerDB>jdbc:hsqldb:file:/opt/iter/src/test/resources/datacollection/datacollection4-controller</controllerDB>
        <serviceDB>jdbc:hsqldb:file:/opt/iter/src/test/resources/datacollection/datacollection4-service</serviceDB>
        <clientsDB>/opt/iter/src/test/resources/datacollection/datacollection4-clients</clientsDB>
        <testReports>
            <testReport>
                <testedProperty>plasticity</testedProperty>
                <testOutcome>SKIPPED</testOutcome>
            </testReport>
            <testReport>
                <testedProperty>inelasticity</testedProperty>
                <testOutcome>SKIPPED</testOutcome>
            </testReport>
            <testReport>
                <testedProperty>no-failed-request</testedProperty>
                <testOutcome>ERROR</testOutcome>
            </testReport>
            <testReport>
                <testedProperty>absolute-failed-requests-10</testedProperty>
                <testOutcome>ERROR</testOutcome>
            </testReport>
            <testReport>
                <testedProperty>relative-failed-requests-1.0-100</testedProperty>
                <testOutcome>ERROR</testOutcome>
            </testReport>
            <testReport>
                <testedProperty>relative-failed-requests-5.0-100</testedProperty>
                <testOutcome>ERROR</testOutcome>
            </testReport>
            <testReport>
                <testedProperty>relative-failed-requests-10.0-100</testedProperty>
                <testOutcome>ERROR</testOutcome>
            </testReport>
            <testReport>
                <testedProperty>avg-response-time</testedProperty>
                <testOutcome>PASSED</testOutcome>
            </testReport>
        </testReports>
    </testResult>
    <testResult>
        <testId>-1541615546</testId>
        <customerName>ale</customerName>
        <serviceName>ale</serviceName>
        <loadGeneratorClass>at.ac.tuwien.iter.loadgenerators.TriangleLoadGenerator</loadGeneratorClass>
        <traceURL>http://10.99.0.118:8083/trace?tracespec=300:clients1,triangle,0.0,104.0;</traceURL>
        <recordedAt>1379678328867</recordedAt>
        <states>1.0 1.0 1.0 1.0 1.0 1.0 1.0 1.0 1.0 1.0 1.0 1.0 1.0 1.0 1.0 1.0 1.0 1.0 1.0 1.0 1.0 1.0 1.0 1.0 1.0 1.0 1.0 1.0 1.0 1.0 1.0 1.0 1.0 1.0 1.0 1.0 1.0 1.0 1.0 1.0 1.0 1.0 1.0 1.0 1.0 1.0 1.0 1.0 1.0 1.0 1.0 1.0 1.0 1.0 1.0 1.0 1.0 1.0 1.0 1.0</states>
        <parameters>0.75 104.0</parameters>
        <controllerDB>jdbc:hsqldb:file:/opt/iter/src/test/resources/datacollection/datacollection5-controller</controllerDB>
        <serviceDB>jdbc:hsqldb:file:/opt/iter/src/test/resources/datacollection/datacollection5-service</serviceDB>
        <clientsDB>/opt/iter/src/test/resources/datacollection/datacollection5-clients</clientsDB>
        <testReports>
            <testReport>
                <testedProperty>plasticity</testedProperty>
                <testOutcome>SKIPPED</testOutcome>
            </testReport>
            <testReport>
                <testedProperty>inelasticity</testedProperty>
                <testOutcome>SKIPPED</testOutcome>
            </testReport>
            <testReport>
                <testedProperty>no-failed-request</testedProperty>
                <testOutcome>ERROR</testOutcome>
            </testReport>
            <testReport>
                <testedProperty>absolute-failed-requests-10</testedProperty>
                <testOutcome>ERROR</testOutcome>
            </testReport>
            <testReport>
                <testedProperty>relative-failed-requests-1.0-100</testedProperty>
                <testOutcome>ERROR</testOutcome>
            </testReport>
            <testReport>
                <testedProperty>relative-failed-requests-5.0-100</testedProperty>
                <testOutcome>ERROR</testOutcome>
            </testReport>
            <testReport>
                <testedProperty>relative-failed-requests-10.0-100</testedProperty>
                <testOutcome>ERROR</testOutcome>
            </testReport>
            <testReport>
                <testedProperty>avg-response-time</testedProperty>
                <testOutcome>PASSED</testOutcome>
            </testReport>
        </testReports>
    </testResult>
    <testResult>
        <testId>-291390054</testId>
        <customerName>ale</customerName>
        <serviceName>ale</serviceName>
        <loadGeneratorClass>at.ac.tuwien.iter.loadgenerators.TriangleLoadGenerator</loadGeneratorClass>
        <traceURL>http://10.99.0.118:8083/trace?tracespec=300:clients1,triangle,0.0,262.0;</traceURL>
        <recordedAt>1379678989565</recordedAt>
        <states>1.0 1.0 1.0 1.0 1.0 1.0 1.0 1.0 1.0 1.0 1.0 1.0 1.0 1.0 1.0 1.0 1.0 1.0 1.0 1.0 1.0 1.0 1.0 1.0 1.0 1.0 1.0 1.0 1.0 1.0 1.0 1.0 1.0 1.0 1.0 1.0 1.0 1.0 1.0 1.0 1.0 1.0 1.0 1.0 1.0 1.0 1.0 1.0 1.0 1.0 1.0 1.0 1.0 1.0 1.0 1.0 1.0 1.0 0.0</states>
        <parameters>0.51 262.0</parameters>
        <controllerDB>jdbc:hsqldb:file:/opt/iter/src/test/resources/datacollection/datacollection6-controller</controllerDB>
        <serviceDB>jdbc:hsqldb:file:/opt/iter/src/test/resources/datacollection/datacollection6-service</serviceDB>
        <clientsDB>/opt/iter/src/test/resources/datacollection/datacollection6-clients</clientsDB>
        <testReports>
            <testReport>
                <testedProperty>plasticity</testedProperty>
                <testOutcome>PASSED</testOutcome>
            </testReport>
            <testReport>
                <testedProperty>inelasticity</testedProperty>
                <testOutcome>PASSED</testOutcome>
            </testReport>
            <testReport>
                <testedProperty>no-failed-request</testedProperty>
                <testOutcome>ERROR</testOutcome>
            </testReport>
            <testReport>
                <testedProperty>absolute-failed-requests-10</testedProperty>
                <testOutcome>ERROR</testOutcome>
            </testReport>
            <testReport>
                <testedProperty>relative-failed-requests-1.0-100</testedProperty>
                <testOutcome>ERROR</testOutcome>
            </testReport>
            <testReport>
                <testedProperty>relative-failed-requests-5.0-100</testedProperty>
                <testOutcome>ERROR</testOutcome>
            </testReport>
            <testReport>
                <testedProperty>relative-failed-requests-10.0-100</testedProperty>
                <testOutcome>ERROR</testOutcome>
            </testReport>
            <testReport>
                <testedProperty>avg-response-time</testedProperty>
                <testOutcome>PASSED</testOutcome>
            </testReport>
        </testReports>
    </testResult>
    <testResult>
        <testId>-1720808071</testId>
        <customerName>ale</customerName>
        <serviceName>ale</serviceName>
        <loadGeneratorClass>at.ac.tuwien.iter.loadgenerators.TriangleLoadGenerator</loadGeneratorClass>
        <traceURL>http://10.99.0.118:8083/trace?tracespec=300:clients1,triangle,0.0,205.0;</traceURL>
        <recordedAt>1379679651694</recordedAt>
        <states>1.0 1.0 1.0 1.0 1.0 1.0 1.0 1.0 1.0 1.0 1.0 1.0 1.0 1.0 1.0 1.0 1.0 1.0 1.0 1.0 1.0</states>
        <parameters>0.95 205.0</parameters>
        <controllerDB>jdbc:hsqldb:file:/opt/iter/src/test/resources/datacollection/datacollection7-controller</controllerDB>
        <serviceDB>jdbc:hsqldb:file:/opt/iter/src/test/resources/datacollection/datacollection7-service</serviceDB>
        <clientsDB>/opt/iter/src/test/resources/datacollection/datacollection7-clients</clientsDB>
        <testReports>
            <testReport>
                <testedProperty>plasticity</testedProperty>
                <testOutcome>SKIPPED</testOutcome>
            </testReport>
            <testReport>
                <testedProperty>inelasticity</testedProperty>
                <testOutcome>SKIPPED</testOutcome>
            </testReport>
            <testReport>
                <testedProperty>no-failed-request</testedProperty>
                <testOutcome>ERROR</testOutcome>
            </testReport>
            <testReport>
                <testedProperty>absolute-failed-requests-10</testedProperty>
                <testOutcome>ERROR</testOutcome>
            </testReport>
            <testReport>
                <testedProperty>relative-failed-requests-1.0-100</testedProperty>
                <testOutcome>ERROR</testOutcome>
            </testReport>
            <testReport>
                <testedProperty>relative-failed-requests-5.0-100</testedProperty>
                <testOutcome>ERROR</testOutcome>
            </testReport>
            <testReport>
                <testedProperty>relative-failed-requests-10.0-100</testedProperty>
                <testOutcome>ERROR</testOutcome>
            </testReport>
            <testReport>
                <testedProperty>avg-response-time</testedProperty>
                <testOutcome>PASSED</testOutcome>
            </testReport>
        </testReports>
    </testResult>
    <testResult>
        <testId>1337476538</testId>
        <customerName>ale</customerName>
        <serviceName>ale</serviceName>
        <loadGeneratorClass>at.ac.tuwien.iter.loadgenerators.TriangleLoadGenerator</loadGeneratorClass>
        <traceURL>http://10.99.0.118:8083/trace?tracespec=300:clients1,triangle,0.0,63.0;</traceURL>
        <recordedAt>1379680312473</recordedAt>
        <states>1.0 1.0 1.0 1.0 1.0 1.0 1.0 1.0 1.0 1.0 1.0 1.0 1.0 1.0 1.0 1.0 1.0 1.0 1.0 1.0 1.0 1.0 1.0 1.0 1.0 1.0 1.0 1.0 1.0 1.0 1.0 1.0 1.0 1.0 1.0 1.0 1.0 1.0 1.0 1.0 1.0 1.0 1.0 1.0 1.0 1.0 1.0 1.0 1.0 1.0 1.0 1.0 1.0 1.0 1.0 1.0 1.0 1.0 1.0 1.0 1.0 1.0 1.0 1.0</states>
        <parameters>0.34 63.0</parameters>
        <controllerDB>jdbc:hsqldb:file:/opt/iter/src/test/resources/datacollection/datacollection8-controller</controllerDB>
        <serviceDB>jdbc:hsqldb:file:/opt/iter/src/test/resources/datacollection/datacollection8-service</serviceDB>
        <clientsDB>/opt/iter/src/test/resources/datacollection/datacollection8-clients</clientsDB>
        <testReports>
            <testReport>
                <testedProperty>plasticity</testedProperty>
                <testOutcome>SKIPPED</testOutcome>
            </testReport>
            <testReport>
                <testedProperty>inelasticity</testedProperty>
                <testOutcome>SKIPPED</testOutcome>
            </testReport>
            <testReport>
                <testedProperty>no-failed-request</testedProperty>
                <testOutcome>ERROR</testOutcome>
            </testReport>
            <testReport>
                <testedProperty>absolute-failed-requests-10</testedProperty>
                <testOutcome>ERROR</testOutcome>
            </testReport>
            <testReport>
                <testedProperty>relative-failed-requests-1.0-100</testedProperty>
                <testOutcome>ERROR</testOutcome>
            </testReport>
            <testReport>
                <testedProperty>relative-failed-requests-5.0-100</testedProperty>
                <testOutcome>ERROR</testOutcome>
            </testReport>
            <testReport>
                <testedProperty>relative-failed-requests-10.0-100</testedProperty>
                <testOutcome>ERROR</testOutcome>
            </testReport>
            <testReport>
                <testedProperty>avg-response-time</testedProperty>
                <testOutcome>PASSED</testOutcome>
            </testReport>
        </testReports>
    </testResult>
    <testResult>
        <testId>-1817001105</testId>
        <customerName>ale</customerName>
        <serviceName>ale</serviceName>
        <loadGeneratorClass>at.ac.tuwien.iter.loadgenerators.TriangleLoadGenerator</loadGeneratorClass>
        <traceURL>http://10.99.0.118:8083/trace?tracespec=300:clients1,triangle,0.0,210.0;</traceURL>
        <recordedAt>1379680973297</recordedAt>
        <states>1.0 1.0 1.0 1.0 1.0 1.0 1.0 1.0 1.0 1.0 1.0 1.0 1.0 1.0 1.0 1.0 1.0 1.0 1.0 1.0 1.0 1.0 1.0 1.0 1.0 1.0 1.0 1.0 1.0 1.0 1.0 1.0 1.0 1.0 1.0 1.0 1.0 1.0 1.0 1.0 1.0 1.0 1.0 1.0 1.0 1.0 1.0 1.0 1.0 1.0 1.0 1.0 1.0 1.0 1.0 1.0 1.0 1.0 1.0 1.0 1.0 1.0 1.0 1.0</states>
        <parameters>0.48 210.0</parameters>
        <controllerDB>jdbc:hsqldb:file:/opt/iter/src/test/resources/datacollection/datacollection9-controller</controllerDB>
        <serviceDB>jdbc:hsqldb:file:/opt/iter/src/test/resources/datacollection/datacollection9-service</serviceDB>
        <clientsDB>/opt/iter/src/test/resources/datacollection/datacollection9-clients</clientsDB>
        <testReports>
            <testReport>
                <testedProperty>plasticity</testedProperty>
                <testOutcome>SKIPPED</testOutcome>
            </testReport>
            <testReport>
                <testedProperty>inelasticity</testedProperty>
                <testOutcome>SKIPPED</testOutcome>
            </testReport>
            <testReport>
                <testedProperty>no-failed-request</testedProperty>
                <testOutcome>ERROR</testOutcome>
            </testReport>
            <testReport>
                <testedProperty>absolute-failed-requests-10</testedProperty>
                <testOutcome>ERROR</testOutcome>
            </testReport>
            <testReport>
                <testedProperty>relative-failed-requests-1.0-100</testedProperty>
                <testOutcome>ERROR</testOutcome>
            </testReport>
            <testReport>
                <testedProperty>relative-failed-requests-5.0-100</testedProperty>
                <testOutcome>ERROR</testOutcome>
            </testReport>
            <testReport>
                <testedProperty>relative-failed-requests-10.0-100</testedProperty>
                <testOutcome>ERROR</testOutcome>
            </testReport>
            <testReport>
                <testedProperty>avg-response-time</testedProperty>
                <testOutcome>PASSED</testOutcome>
            </testReport>
        </testReports>
    </testResult>
    <testResult>
        <testId>1854296220</testId>
        <customerName>ale</customerName>
        <serviceName>ale</serviceName>
        <loadGeneratorClass>at.ac.tuwien.iter.loadgenerators.TriangleLoadGenerator</loadGeneratorClass>
        <traceURL>http://10.99.0.118:8083/trace?tracespec=300:clients1,triangle,0.0,198.0;</traceURL>
        <recordedAt>1379681634091</recordedAt>
        <states>1.0 1.0 1.0 1.0 1.0 1.0 1.0 1.0 1.0 1.0 1.0 1.0</states>
        <parameters>0.3 198.0</parameters>
        <controllerDB>jdbc:hsqldb:file:/opt/iter/src/test/resources/datacollection/datacollection10-controller</controllerDB>
        <serviceDB>jdbc:hsqldb:file:/opt/iter/src/test/resources/datacollection/datacollection10-service</serviceDB>
        <clientsDB>/opt/iter/src/test/resources/datacollection/datacollection10-clients</clientsDB>
        <testReports>
            <testReport>
                <testedProperty>plasticity</testedProperty>
                <testOutcome>SKIPPED</testOutcome>
            </testReport>
            <testReport>
                <testedProperty>inelasticity</testedProperty>
                <testOutcome>SKIPPED</testOutcome>
            </testReport>
            <testReport>
                <testedProperty>no-failed-request</testedProperty>
                <testOutcome>ERROR</testOutcome>
            </testReport>
            <testReport>
                <testedProperty>absolute-failed-requests-10</testedProperty>
                <testOutcome>ERROR</testOutcome>
            </testReport>
            <testReport>
                <testedProperty>relative-failed-requests-1.0-100</testedProperty>
                <testOutcome>ERROR</testOutcome>
            </testReport>
            <testReport>
                <testedProperty>relative-failed-requests-5.0-100</testedProperty>
                <testOutcome>ERROR</testOutcome>
            </testReport>
            <testReport>
                <testedProperty>relative-failed-requests-10.0-100</testedProperty>
                <testOutcome>ERROR</testOutcome>
            </testReport>
            <testReport>
                <testedProperty>avg-response-time</testedProperty>
                <testOutcome>PASSED</testOutcome>
            </testReport>
        </testReports>
    </testResult>
    <testResult>
        <testId>-34596495</testId>
        <customerName>ale</customerName>
        <serviceName>ale</serviceName>
        <loadGeneratorClass>at.ac.tuwien.iter.loadgenerators.TriangleLoadGenerator</loadGeneratorClass>
        <traceURL>http://10.99.0.118:8083/trace?tracespec=300:clients1,triangle,0.0,128.0;</traceURL>
        <recordedAt>1379682294722</recordedAt>
        <states>1.0 1.0 1.0 1.0 1.0 1.0 1.0 1.0 1.0 1.0 1.0 1.0 1.0 1.0 1.0 1.0 1.0 1.0 1.0 1.0 1.0 1.0 1.0 1.0 1.0 1.0 1.0 1.0 1.0 1.0 1.0 1.0 1.0 1.0 1.0 1.0 1.0 1.0 1.0 1.0 1.0 1.0 1.0 1.0 1.0 1.0 1.0 1.0 1.0 1.0 1.0 1.0 1.0 1.0 1.0</states>
        <parameters>0.78 128.0</parameters>
        <controllerDB>jdbc:hsqldb:file:/opt/iter/src/test/resources/datacollection/datacollection11-controller</controllerDB>
        <serviceDB>jdbc:hsqldb:file:/opt/iter/src/test/resources/datacollection/datacollection11-service</serviceDB>
        <clientsDB>/opt/iter/src/test/resources/datacollection/datacollection11-clients</clientsDB>
        <testReports>
            <testReport>
                <testedProperty>plasticity</testedProperty>
                <testOutcome>SKIPPED</testOutcome>
            </testReport>
            <testReport>
                <testedProperty>inelasticity</testedProperty>
                <testOutcome>SKIPPED</testOutcome>
            </testReport>
            <testReport>
                <testedProperty>no-failed-request</testedProperty>
                <testOutcome>ERROR</testOutcome>
            </testReport>
            <testReport>
                <testedProperty>absolute-failed-requests-10</testedProperty>
                <testOutcome>ERROR</testOutcome>
            </testReport>
            <testReport>
                <testedProperty>relative-failed-requests-1.0-100</testedProperty>
                <testOutcome>ERROR</testOutcome>
            </testReport>
            <testReport>
                <testedProperty>relative-failed-requests-5.0-100</testedProperty>
                <testOutcome>ERROR</testOutcome>
            </testReport>
            <testReport>
                <testedProperty>relative-failed-requests-10.0-100</testedProperty>
                <testOutcome>ERROR</testOutcome>
            </testReport>
            <testReport>
                <testedProperty>avg-response-time</testedProperty>
                <testOutcome>PASSED</testOutcome>
            </testReport>
        </testReports>
    </testResult>
    <testResult>
        <testId>952349123</testId>
        <customerName>ale</customerName>
        <serviceName>ale</serviceName>
        <loadGeneratorClass>at.ac.tuwien.iter.loadgenerators.TriangleLoadGenerator</loadGeneratorClass>
        <traceURL>http://10.99.0.118:8083/trace?tracespec=300:clients1,triangle,0.0,145.0;</traceURL>
        <recordedAt>1379682955541</recordedAt>
        <states>1.0 1.0 1.0 1.0 1.0 1.0 1.0 1.0 1.0 1.0 1.0 1.0 1.0 1.0 1.0 1.0 1.0 1.0 1.0 1.0 1.0 1.0 1.0 1.0 1.0</states>
        <parameters>0.92 145.0</parameters>
        <controllerDB>jdbc:hsqldb:file:/opt/iter/src/test/resources/datacollection/datacollection12-controller</controllerDB>
        <serviceDB>jdbc:hsqldb:file:/opt/iter/src/test/resources/datacollection/datacollection12-service</serviceDB>
        <clientsDB>/opt/iter/src/test/resources/datacollection/datacollection12-clients</clientsDB>
        <testReports>
            <testReport>
                <testedProperty>plasticity</testedProperty>
                <testOutcome>SKIPPED</testOutcome>
            </testReport>
            <testReport>
                <testedProperty>inelasticity</testedProperty>
                <testOutcome>SKIPPED</testOutcome>
            </testReport>
            <testReport>
                <testedProperty>no-failed-request</testedProperty>
                <testOutcome>ERROR</testOutcome>
            </testReport>
            <testReport>
                <testedProperty>absolute-failed-requests-10</testedProperty>
                <testOutcome>ERROR</testOutcome>
            </testReport>
            <testReport>
                <testedProperty>relative-failed-requests-1.0-100</testedProperty>
                <testOutcome>ERROR</testOutcome>
            </testReport>
            <testReport>
                <testedProperty>relative-failed-requests-5.0-100</testedProperty>
                <testOutcome>ERROR</testOutcome>
            </testReport>
            <testReport>
                <testedProperty>relative-failed-requests-10.0-100</testedProperty>
                <testOutcome>ERROR</testOutcome>
            </testReport>
            <testReport>
                <testedProperty>avg-response-time</testedProperty>
                <testOutcome>PASSED</testOutcome>
            </testReport>
        </testReports>
    </testResult>
    <testResult>
        <testId>-2134488961</testId>
        <customerName>ale</customerName>
        <serviceName>ale</serviceName>
        <loadGeneratorClass>at.ac.tuwien.iter.loadgenerators.TriangleLoadGenerator</loadGeneratorClass>
        <traceURL>http://10.99.0.118:8083/trace?tracespec=300:clients1,triangle,0.0,188.0;</traceURL>
        <recordedAt>1379683616239</recordedAt>
        <states>1.0 1.0 1.0 1.0 1.0 1.0 1.0 1.0 1.0 1.0 1.0 1.0 1.0 1.0 1.0 1.0 1.0 1.0 1.0 1.0 1.0 1.0 1.0 1.0 1.0 1.0 1.0 1.0 1.0 1.0 1.0 1.0 1.0 1.0 1.0 1.0 1.0 1.0 1.0 1.0 1.0 1.0 1.0 1.0 1.0 1.0 1.0 1.0 1.0 1.0 1.0 1.0 1.0 1.0 1.0 1.0 1.0</states>
        <parameters>0.79 188.0</parameters>
        <controllerDB>jdbc:hsqldb:file:/opt/iter/src/test/resources/datacollection/datacollection13-controller</controllerDB>
        <serviceDB>jdbc:hsqldb:file:/opt/iter/src/test/resources/datacollection/datacollection13-service</serviceDB>
        <clientsDB>/opt/iter/src/test/resources/datacollection/datacollection13-clients</clientsDB>
        <testReports>
            <testReport>
                <testedProperty>plasticity</testedProperty>
                <testOutcome>SKIPPED</testOutcome>
            </testReport>
            <testReport>
                <testedProperty>inelasticity</testedProperty>
                <testOutcome>SKIPPED</testOutcome>
            </testReport>
            <testReport>
                <testedProperty>no-failed-request</testedProperty>
                <testOutcome>ERROR</testOutcome>
            </testReport>
            <testReport>
                <testedProperty>absolute-failed-requests-10</testedProperty>
                <testOutcome>ERROR</testOutcome>
            </testReport>
            <testReport>
                <testedProperty>relative-failed-requests-1.0-100</testedProperty>
                <testOutcome>ERROR</testOutcome>
            </testReport>
            <testReport>
                <testedProperty>relative-failed-requests-5.0-100</testedProperty>
                <testOutcome>ERROR</testOutcome>
            </testReport>
            <testReport>
                <testedProperty>relative-failed-requests-10.0-100</testedProperty>
                <testOutcome>ERROR</testOutcome>
            </testReport>
            <testReport>
                <testedProperty>avg-response-time</testedProperty>
                <testOutcome>PASSED</testOutcome>
            </testReport>
        </testReports>
    </testResult>
    <testResult>
        <testId>-788159184</testId>
        <customerName>ale</customerName>
        <serviceName>ale</serviceName>
        <loadGeneratorClass>at.ac.tuwien.iter.loadgenerators.TriangleLoadGenerator</loadGeneratorClass>
        <traceURL>http://10.99.0.118:8083/trace?tracespec=300:clients1,triangle,0.0,159.0;</traceURL>
        <recordedAt>1379684277051</recordedAt>
        <states>1.0 1.0 1.0 1.0 1.0 1.0 1.0 1.0 1.0 1.0 1.0 1.0 1.0 1.0 1.0 1.0 1.0 1.0 1.0 1.0 1.0 1.0 1.0 1.0 1.0 1.0 1.0 1.0 1.0 1.0 1.0 1.0 1.0 1.0 1.0 1.0 1.0 1.0 1.0 1.0 1.0 1.0 1.0 1.0 1.0 1.0 1.0</states>
        <parameters>0.26 159.0</parameters>
        <controllerDB>jdbc:hsqldb:file:/opt/iter/src/test/resources/datacollection/datacollection14-controller</controllerDB>
        <serviceDB>jdbc:hsqldb:file:/opt/iter/src/test/resources/datacollection/datacollection14-service</serviceDB>
        <clientsDB>/opt/iter/src/test/resources/datacollection/datacollection14-clients</clientsDB>
        <testReports>
            <testReport>
                <testedProperty>plasticity</testedProperty>
                <testOutcome>SKIPPED</testOutcome>
            </testReport>
            <testReport>
                <testedProperty>inelasticity</testedProperty>
                <testOutcome>SKIPPED</testOutcome>
            </testReport>
            <testReport>
                <testedProperty>no-failed-request</testedProperty>
                <testOutcome>ERROR</testOutcome>
            </testReport>
            <testReport>
                <testedProperty>absolute-failed-requests-10</testedProperty>
                <testOutcome>ERROR</testOutcome>
            </testReport>
            <testReport>
                <testedProperty>relative-failed-requests-1.0-100</testedProperty>
                <testOutcome>ERROR</testOutcome>
            </testReport>
            <testReport>
                <testedProperty>relative-failed-requests-5.0-100</testedProperty>
                <testOutcome>ERROR</testOutcome>
            </testReport>
            <testReport>
                <testedProperty>relative-failed-requests-10.0-100</testedProperty>
                <testOutcome>ERROR</testOutcome>
            </testReport>
            <testReport>
                <testedProperty>avg-response-time</testedProperty>
                <testOutcome>PASSED</testOutcome>
            </testReport>
        </testReports>
    </testResult>
    <testResult>
        <testId>822054419</testId>
        <customerName>ale</customerName>
        <serviceName>ale</serviceName>
        <loadGeneratorClass>at.ac.tuwien.iter.loadgenerators.TriangleLoadGenerator</loadGeneratorClass>
        <traceURL>http://10.99.0.118:8083/trace?tracespec=300:clients1,triangle,0.0,166.0;</traceURL>
        <recordedAt>1379684937847</recordedAt>
        <states>1.0 1.0 1.0 1.0 1.0 1.0 1.0 1.0 1.0 1.0 1.0 1.0 1.0 1.0 1.0 1.0 1.0 1.0 1.0 1.0 1.0 1.0 1.0 1.0 1.0 1.0 1.0 1.0 1.0 1.0 1.0 1.0</states>
        <parameters>0.35 166.0</parameters>
        <controllerDB>jdbc:hsqldb:file:/opt/iter/src/test/resources/datacollection/datacollection15-controller</controllerDB>
        <serviceDB>jdbc:hsqldb:file:/opt/iter/src/test/resources/datacollection/datacollection15-service</serviceDB>
        <clientsDB>/opt/iter/src/test/resources/datacollection/datacollection15-clients</clientsDB>
        <testReports>
            <testReport>
                <testedProperty>plasticity</testedProperty>
                <testOutcome>SKIPPED</testOutcome>
            </testReport>
            <testReport>
                <testedProperty>inelasticity</testedProperty>
                <testOutcome>SKIPPED</testOutcome>
            </testReport>
            <testReport>
                <testedProperty>no-failed-request</testedProperty>
                <testOutcome>ERROR</testOutcome>
            </testReport>
            <testReport>
                <testedProperty>absolute-failed-requests-10</testedProperty>
                <testOutcome>ERROR</testOutcome>
            </testReport>
            <testReport>
                <testedProperty>relative-failed-requests-1.0-100</testedProperty>
                <testOutcome>ERROR</testOutcome>
            </testReport>
            <testReport>
                <testedProperty>relative-failed-requests-5.0-100</testedProperty>
                <testOutcome>ERROR</testOutcome>
            </testReport>
            <testReport>
                <testedProperty>relative-failed-requests-10.0-100</testedProperty>
                <testOutcome>ERROR</testOutcome>
            </testReport>
            <testReport>
                <testedProperty>avg-response-time</testedProperty>
                <testOutcome>PASSED</testOutcome>
            </testReport>
        </testReports>
    </testResult>
    <testResult>
        <testId>-1307497296</testId>
        <customerName>ale</customerName>
        <serviceName>ale</serviceName>
        <loadGeneratorClass>at.ac.tuwien.iter.loadgenerators.TriangleLoadGenerator</loadGeneratorClass>
        <traceURL>http://10.99.0.118:8083/trace?tracespec=300:clients1,triangle,0.0,92.0;</traceURL>
        <recordedAt>1379685598557</recordedAt>
        <states>1.0 1.0 1.0 1.0 1.0 1.0 1.0 1.0 1.0 1.0 1.0 1.0 1.0 1.0 1.0 1.0 1.0 1.0 1.0 1.0 1.0 1.0 1.0 1.0 1.0 1.0 1.0 1.0 1.0 1.0 1.0 1.0 1.0 1.0 1.0 1.0 1.0 1.0 1.0 1.0 1.0 1.0 1.0</states>
        <parameters>0.35 92.0</parameters>
        <controllerDB>jdbc:hsqldb:file:/opt/iter/src/test/resources/datacollection/datacollection16-controller</controllerDB>
        <serviceDB>jdbc:hsqldb:file:/opt/iter/src/test/resources/datacollection/datacollection16-service</serviceDB>
        <clientsDB>/opt/iter/src/test/resources/datacollection/datacollection16-clients</clientsDB>
        <testReports>
            <testReport>
                <testedProperty>plasticity</testedProperty>
                <testOutcome>SKIPPED</testOutcome>
            </testReport>
            <testReport>
                <testedProperty>inelasticity</testedProperty>
                <testOutcome>SKIPPED</testOutcome>
            </testReport>
            <testReport>
                <testedProperty>no-failed-request</testedProperty>
                <testOutcome>ERROR</testOutcome>
            </testReport>
            <testReport>
                <testedProperty>absolute-failed-requests-10</testedProperty>
                <testOutcome>ERROR</testOutcome>
            </testReport>
            <testReport>
                <testedProperty>relative-failed-requests-1.0-100</testedProperty>
                <testOutcome>ERROR</testOutcome>
            </testReport>
            <testReport>
                <testedProperty>relative-failed-requests-5.0-100</testedProperty>
                <testOutcome>ERROR</testOutcome>
            </testReport>
            <testReport>
                <testedProperty>relative-failed-requests-10.0-100</testedProperty>
                <testOutcome>ERROR</testOutcome>
            </testReport>
            <testReport>
                <testedProperty>avg-response-time</testedProperty>
                <testOutcome>PASSED</testOutcome>
            </testReport>
        </testReports>
    </testResult>
    <testResult>
        <testId>931280506</testId>
        <customerName>ale</customerName>
        <serviceName>ale</serviceName>
        <loadGeneratorClass>at.ac.tuwien.iter.loadgenerators.TriangleLoadGenerator</loadGeneratorClass>
        <traceURL>http://10.99.0.118:8083/trace?tracespec=300:clients1,triangle,0.0,121.0;</traceURL>
        <recordedAt>1379686259253</recordedAt>
        <states>1.0 1.0 1.0 1.0 1.0 1.0 1.0 1.0 1.0 1.0 1.0 1.0 1.0 1.0 1.0 1.0 1.0 1.0 1.0 1.0 1.0 1.0 1.0 1.0 1.0 1.0 1.0 1.0 1.0 1.0 1.0 1.0 1.0 1.0 1.0 1.0 1.0 1.0 1.0 1.0 1.0 1.0</states>
        <parameters>0.2 121.0</parameters>
        <controllerDB>jdbc:hsqldb:file:/opt/iter/src/test/resources/datacollection/datacollection17-controller</controllerDB>
        <serviceDB>jdbc:hsqldb:file:/opt/iter/src/test/resources/datacollection/datacollection17-service</serviceDB>
        <clientsDB>/opt/iter/src/test/resources/datacollection/datacollection17-clients</clientsDB>
        <testReports>
            <testReport>
                <testedProperty>plasticity</testedProperty>
                <testOutcome>SKIPPED</testOutcome>
            </testReport>
            <testReport>
                <testedProperty>inelasticity</testedProperty>
                <testOutcome>SKIPPED</testOutcome>
            </testReport>
            <testReport>
                <testedProperty>no-failed-request</testedProperty>
                <testOutcome>ERROR</testOutcome>
            </testReport>
            <testReport>
                <testedProperty>absolute-failed-requests-10</testedProperty>
                <testOutcome>ERROR</testOutcome>
            </testReport>
            <testReport>
                <testedProperty>relative-failed-requests-1.0-100</testedProperty>
                <testOutcome>ERROR</testOutcome>
            </testReport>
            <testReport>
                <testedProperty>relative-failed-requests-5.0-100</testedProperty>
                <testOutcome>ERROR</testOutcome>
            </testReport>
            <testReport>
                <testedProperty>relative-failed-requests-10.0-100</testedProperty>
                <testOutcome>ERROR</testOutcome>
            </testReport>
            <testReport>
                <testedProperty>avg-response-time</testedProperty>
                <testOutcome>PASSED</testOutcome>
            </testReport>
        </testReports>
    </testResult>
    <testResult>
        <testId>-744414090</testId>
        <customerName>ale</customerName>
        <serviceName>ale</serviceName>
        <loadGeneratorClass>at.ac.tuwien.iter.loadgenerators.TriangleLoadGenerator</loadGeneratorClass>
        <traceURL>http://10.99.0.118:8083/trace?tracespec=300:clients1,triangle,0.0,176.0;</traceURL>
        <recordedAt>1379686919929</recordedAt>
        <states>1.0 1.0 1.0 1.0 1.0 1.0 1.0 1.0 1.0 1.0 1.0 1.0 1.0 1.0 1.0 1.0 1.0 1.0 1.0 1.0 1.0 1.0 1.0 1.0 1.0 1.0 1.0 1.0 1.0 1.0 1.0 1.0 1.0 1.0 1.0 1.0 1.0 1.0 1.0 1.0 1.0 1.0 1.0 1.0 1.0 1.0 1.0 1.0 1.0 1.0 1.0 1.0 1.0</states>
        <parameters>0.52 176.0</parameters>
        <controllerDB>jdbc:hsqldb:file:/opt/iter/src/test/resources/datacollection/datacollection18-controller</controllerDB>
        <serviceDB>jdbc:hsqldb:file:/opt/iter/src/test/resources/datacollection/datacollection18-service</serviceDB>
        <clientsDB>/opt/iter/src/test/resources/datacollection/datacollection18-clients</clientsDB>
        <testReports>
            <testReport>
                <testedProperty>plasticity</testedProperty>
                <testOutcome>SKIPPED</testOutcome>
            </testReport>
            <testReport>
                <testedProperty>inelasticity</testedProperty>
                <testOutcome>SKIPPED</testOutcome>
            </testReport>
            <testReport>
                <testedProperty>no-failed-request</testedProperty>
                <testOutcome>ERROR</testOutcome>
            </testReport>
            <testReport>
                <testedProperty>absolute-failed-requests-10</testedProperty>
                <testOutcome>ERROR</testOutcome>
            </testReport>
            <testReport>
                <testedProperty>relative-failed-requests-1.0-100</testedProperty>
                <testOutcome>ERROR</testOutcome>
            </testReport>
            <testReport>
                <testedProperty>relative-failed-requests-5.0-100</testedProperty>
                <testOutcome>ERROR</testOutcome>
            </testReport>
            <testReport>
                <testedProperty>relative-failed-requests-10.0-100</testedProperty>
                <testOutcome>ERROR</testOutcome>
            </testReport>
            <testReport>
                <testedProperty>avg-response-time</testedProperty>
                <testOutcome>PASSED</testOutcome>
            </testReport>
        </testReports>
    </testResult>
    <testResult>
        <testId>-1044153236</testId>
        <customerName>ale</customerName>
        <serviceName>ale</serviceName>
        <loadGeneratorClass>at.ac.tuwien.iter.loadgenerators.TriangleLoadGenerator</loadGeneratorClass>
        <traceURL>http://10.99.0.118:8083/trace?tracespec=300:clients1,triangle,0.0,152.0;</traceURL>
        <recordedAt>1379687580580</recordedAt>
        <states>1.0 1.0 1.0 1.0 1.0 1.0 1.0 1.0 1.0 1.0 1.0 1.0 1.0 1.0 1.0 1.0 1.0 1.0 1.0 1.0 1.0 1.0 1.0 1.0 1.0 1.0 1.0 1.0 1.0 1.0 1.0 1.0 1.0 1.0 1.0 1.0 1.0 1.0 1.0 1.0 1.0 1.0 1.0 1.0 1.0 1.0 1.0 1.0</states>
        <parameters>0.83 152.0</parameters>
        <controllerDB>jdbc:hsqldb:file:/opt/iter/src/test/resources/datacollection/datacollection19-controller</controllerDB>
        <serviceDB>jdbc:hsqldb:file:/opt/iter/src/test/resources/datacollection/datacollection19-service</serviceDB>
        <clientsDB>/opt/iter/src/test/resources/datacollection/datacollection19-clients</clientsDB>
        <testReports>
            <testReport>
                <testedProperty>plasticity</testedProperty>
                <testOutcome>SKIPPED</testOutcome>
            </testReport>
            <testReport>
                <testedProperty>inelasticity</testedProperty>
                <testOutcome>SKIPPED</testOutcome>
            </testReport>
            <testReport>
                <testedProperty>no-failed-request</testedProperty>
                <testOutcome>ERROR</testOutcome>
            </testReport>
            <testReport>
                <testedProperty>absolute-failed-requests-10</testedProperty>
                <testOutcome>ERROR</testOutcome>
            </testReport>
            <testReport>
                <testedProperty>relative-failed-requests-1.0-100</testedProperty>
                <testOutcome>ERROR</testOutcome>
            </testReport>
            <testReport>
                <testedProperty>relative-failed-requests-5.0-100</testedProperty>
                <testOutcome>ERROR</testOutcome>
            </testReport>
            <testReport>
                <testedProperty>relative-failed-requests-10.0-100</testedProperty>
                <testOutcome>ERROR</testOutcome>
            </testReport>
            <testReport>
                <testedProperty>avg-response-time</testedProperty>
                <testOutcome>PASSED</testOutcome>
            </testReport>
        </testReports>
    </testResult>
    <testResult>
        <testId>262856422</testId>
        <customerName>ale</customerName>
        <serviceName>ale</serviceName>
        <loadGeneratorClass>at.ac.tuwien.iter.loadgenerators.TriangleLoadGenerator</loadGeneratorClass>
        <traceURL>http://10.99.0.118:8083/trace?tracespec=300:clients1,triangle,0.0,97.0;</traceURL>
        <recordedAt>1379688301429</recordedAt>
        <states>1.0 1.0 1.0 1.0 1.0 1.0 1.0 1.0 1.0 1.0 1.0 1.0 1.0 1.0 1.0 1.0 1.0 1.0 1.0 1.0 1.0 1.0 1.0 1.0 1.0 1.0 1.0 1.0 1.0 1.0 0.0</states>
        <parameters>0.63 97.0</parameters>
        <controllerDB>jdbc:hsqldb:file:/opt/iter/src/test/resources/datacollection/datacollection20-controller</controllerDB>
        <serviceDB>jdbc:hsqldb:file:/opt/iter/src/test/resources/datacollection/datacollection20-service</serviceDB>
        <clientsDB>/opt/iter/src/test/resources/datacollection/datacollection20-clients</clientsDB>
        <testReports>
            <testReport>
                <testedProperty>plasticity</testedProperty>
                <testOutcome>PASSED</testOutcome>
            </testReport>
            <testReport>
                <testedProperty>inelasticity</testedProperty>
                <testOutcome>PASSED</testOutcome>
            </testReport>
            <testReport>
                <testedProperty>no-failed-request</testedProperty>
                <testOutcome>ERROR</testOutcome>
            </testReport>
            <testReport>
                <testedProperty>absolute-failed-requests-10</testedProperty>
                <testOutcome>ERROR</testOutcome>
            </testReport>
            <testReport>
                <testedProperty>relative-failed-requests-1.0-100</testedProperty>
                <testOutcome>ERROR</testOutcome>
            </testReport>
            <testReport>
                <testedProperty>relative-failed-requests-5.0-100</testedProperty>
                <testOutcome>ERROR</testOutcome>
            </testReport>
            <testReport>
                <testedProperty>relative-failed-requests-10.0-100</testedProperty>
                <testOutcome>ERROR</testOutcome>
            </testReport>
            <testReport>
                <testedProperty>avg-response-time</testedProperty>
                <testOutcome>PASSED</testOutcome>
            </testReport>
        </testReports>
    </testResult>
    <testResult>
        <testId>-956905292</testId>
        <customerName>ale</customerName>
        <serviceName>ale</serviceName>
        <loadGeneratorClass>at.ac.tuwien.iter.loadgenerators.TriangleLoadGenerator</loadGeneratorClass>
        <traceURL>http://10.99.0.118:8083/trace?tracespec=300:clients1,triangle,0.0,152.0;</traceURL>
        <recordedAt>1379688902338</recordedAt>
        <states>1.0 1.0 1.0 1.0 1.0 1.0 1.0 1.0 1.0 1.0 1.0 1.0 1.0 1.0 1.0 1.0 1.0 1.0 1.0 1.0 1.0 1.0 1.0 1.0 1.0 1.0 1.0 1.0 1.0 1.0 1.0 1.0 1.0 1.0 1.0 1.0 1.0 1.0 1.0 1.0 1.0 1.0 1.0 1.0 1.0 1.0 1.0 1.0 1.0 1.0 1.0</states>
        <parameters>0.14 152.0</parameters>
        <controllerDB>jdbc:hsqldb:file:/opt/iter/src/test/resources/datacollection/datacollection21-controller</controllerDB>
        <serviceDB>jdbc:hsqldb:file:/opt/iter/src/test/resources/datacollection/datacollection21-service</serviceDB>
        <clientsDB>/opt/iter/src/test/resources/datacollection/datacollection21-clients</clientsDB>
        <testReports>
            <testReport>
                <testedProperty>plasticity</testedProperty>
                <testOutcome>SKIPPED</testOutcome>
            </testReport>
            <testReport>
                <testedProperty>inelasticity</testedProperty>
                <testOutcome>SKIPPED</testOutcome>
            </testReport>
            <testReport>
                <testedProperty>no-failed-request</testedProperty>
                <testOutcome>ERROR</testOutcome>
            </testReport>
            <testReport>
                <testedProperty>absolute-failed-requests-10</testedProperty>
                <testOutcome>ERROR</testOutcome>
            </testReport>
            <testReport>
                <testedProperty>relative-failed-requests-1.0-100</testedProperty>
                <testOutcome>ERROR</testOutcome>
            </testReport>
            <testReport>
                <testedProperty>relative-failed-requests-5.0-100</testedProperty>
                <testOutcome>ERROR</testOutcome>
            </testReport>
            <testReport>
                <testedProperty>relative-failed-requests-10.0-100</testedProperty>
                <testOutcome>ERROR</testOutcome>
            </testReport>
            <testReport>
                <testedProperty>avg-response-time</testedProperty>
                <testOutcome>PASSED</testOutcome>
            </testReport>
        </testReports>
    </testResult>
    <testResult>
        <testId>1342809643</testId>
        <customerName>ale</customerName>
        <serviceName>ale</serviceName>
        <loadGeneratorClass>at.ac.tuwien.iter.loadgenerators.TriangleLoadGenerator</loadGeneratorClass>
        <traceURL>http://10.99.0.118:8083/trace?tracespec=300:clients1,triangle,0.0,198.0;</traceURL>
        <recordedAt>1379689563027</recordedAt>
        <states>1.0 1.0 1.0 1.0 1.0 1.0 1.0 1.0 1.0 1.0 1.0 1.0 1.0 1.0 1.0 1.0 1.0 1.0 1.0 1.0 1.0 1.0 1.0 1.0 1.0 1.0 1.0 1.0 1.0 1.0 1.0 1.0 1.0 1.0 1.0 1.0 1.0 1.0 1.0 1.0 1.0 1.0 1.0 1.0 1.0 1.0 1.0 1.0 1.0 1.0 1.0 1.0 1.0 1.0 1.0 1.0 1.0 1.0 1.0 1.0</states>
        <parameters>0.61 198.0</parameters>
        <controllerDB>jdbc:hsqldb:file:/opt/iter/src/test/resources/datacollection/datacollection22-controller</controllerDB>
        <serviceDB>jdbc:hsqldb:file:/opt/iter/src/test/resources/datacollection/datacollection22-service</serviceDB>
        <clientsDB>/opt/iter/src/test/resources/datacollection/datacollection22-clients</clientsDB>
        <testReports>
            <testReport>
                <testedProperty>plasticity</testedProperty>
                <testOutcome>SKIPPED</testOutcome>
            </testReport>
            <testReport>
                <testedProperty>inelasticity</testedProperty>
                <testOutcome>SKIPPED</testOutcome>
            </testReport>
            <testReport>
                <testedProperty>no-failed-request</testedProperty>
                <testOutcome>ERROR</testOutcome>
            </testReport>
            <testReport>
                <testedProperty>absolute-failed-requests-10</testedProperty>
                <testOutcome>ERROR</testOutcome>
            </testReport>
            <testReport>
                <testedProperty>relative-failed-requests-1.0-100</testedProperty>
                <testOutcome>ERROR</testOutcome>
            </testReport>
            <testReport>
                <testedProperty>relative-failed-requests-5.0-100</testedProperty>
                <testOutcome>ERROR</testOutcome>
            </testReport>
            <testReport>
                <testedProperty>relative-failed-requests-10.0-100</testedProperty>
                <testOutcome>ERROR</testOutcome>
            </testReport>
            <testReport>
                <testedProperty>avg-response-time</testedProperty>
                <testOutcome>PASSED</testOutcome>
            </testReport>
        </testReports>
    </testResult>
    <testResult>
        <testId>-41930119</testId>
        <customerName>ale</customerName>
        <serviceName>ale</serviceName>
        <loadGeneratorClass>at.ac.tuwien.iter.loadgenerators.TriangleLoadGenerator</loadGeneratorClass>
        <traceURL>http://10.99.0.118:8083/trace?tracespec=300:clients1,triangle,0.0,164.0;</traceURL>
        <recordedAt>1379690224090</recordedAt>
        <states>1.0 1.0 1.0 1.0 1.0 1.0 1.0 1.0 1.0 1.0 1.0 1.0 1.0 1.0 1.0 1.0 1.0 1.0 1.0 1.0 1.0 1.0 1.0 1.0 1.0 1.0 1.0 1.0 1.0 1.0 1.0 1.0 1.0 1.0 1.0 1.0 1.0 1.0 1.0 1.0 1.0 1.0 1.0 1.0 1.0 1.0 1.0 1.0 1.0 1.0 1.0 1.0 1.0 1.0 1.0 1.0 1.0 1.0</states>
        <parameters>0.7 164.0</parameters>
        <controllerDB>jdbc:hsqldb:file:/opt/iter/src/test/resources/datacollection/datacollection23-controller</controllerDB>
        <serviceDB>jdbc:hsqldb:file:/opt/iter/src/test/resources/datacollection/datacollection23-service</serviceDB>
        <clientsDB>/opt/iter/src/test/resources/datacollection/datacollection23-clients</clientsDB>
        <testReports>
            <testReport>
                <testedProperty>plasticity</testedProperty>
                <testOutcome>SKIPPED</testOutcome>
            </testReport>
            <testReport>
                <testedProperty>inelasticity</testedProperty>
                <testOutcome>SKIPPED</testOutcome>
            </testReport>
            <testReport>
                <testedProperty>no-failed-request</testedProperty>
                <testOutcome>ERROR</testOutcome>
            </testReport>
            <testReport>
                <testedProperty>absolute-failed-requests-10</testedProperty>
                <testOutcome>ERROR</testOutcome>
            </testReport>
            <testReport>
                <testedProperty>relative-failed-requests-1.0-100</testedProperty>
                <testOutcome>ERROR</testOutcome>
            </testReport>
            <testReport>
                <testedProperty>relative-failed-requests-5.0-100</testedProperty>
                <testOutcome>ERROR</testOutcome>
            </testReport>
            <testReport>
                <testedProperty>relative-failed-requests-10.0-100</testedProperty>
                <testOutcome>ERROR</testOutcome>
            </testReport>
            <testReport>
                <testedProperty>avg-response-time</testedProperty>
                <testOutcome>PASSED</testOutcome>
            </testReport>
        </testReports>
    </testResult>
    <testResult>
        <testId>1825184351</testId>
        <customerName>ale</customerName>
        <serviceName>ale</serviceName>
        <loadGeneratorClass>at.ac.tuwien.iter.loadgenerators.TriangleLoadGenerator</loadGeneratorClass>
        <traceURL>http://10.99.0.118:8083/trace?tracespec=300:clients1,triangle,0.0,253.0;</traceURL>
        <recordedAt>1379690884827</recordedAt>
        <states>1.0 1.0 1.0 1.0 1.0 1.0 1.0 1.0 1.0 1.0 1.0 1.0 1.0 1.0 1.0 1.0 1.0 1.0 1.0 1.0 1.0 1.0 1.0 1.0 1.0 1.0 1.0 1.0 1.0 1.0 1.0 1.0 1.0 1.0 1.0 1.0 1.0 1.0 1.0 1.0 1.0 1.0 1.0 1.0 1.0 1.0 1.0 1.0 1.0 1.0 1.0 1.0 1.0 1.0 1.0 1.0 1.0 1.0 1.0 1.0 1.0 1.0</states>
        <parameters>0.55 253.0</parameters>
        <controllerDB>jdbc:hsqldb:file:/opt/iter/src/test/resources/datacollection/datacollection24-controller</controllerDB>
        <serviceDB>jdbc:hsqldb:file:/opt/iter/src/test/resources/datacollection/datacollection24-service</serviceDB>
        <clientsDB>/opt/iter/src/test/resources/datacollection/datacollection24-clients</clientsDB>
        <testReports>
            <testReport>
                <testedProperty>plasticity</testedProperty>
                <testOutcome>SKIPPED</testOutcome>
            </testReport>
            <testReport>
                <testedProperty>inelasticity</testedProperty>
                <testOutcome>SKIPPED</testOutcome>
            </testReport>
            <testReport>
                <testedProperty>no-failed-request</testedProperty>
                <testOutcome>ERROR</testOutcome>
            </testReport>
            <testReport>
                <testedProperty>absolute-failed-requests-10</testedProperty>
                <testOutcome>ERROR</testOutcome>
            </testReport>
            <testReport>
                <testedProperty>relative-failed-requests-1.0-100</testedProperty>
                <testOutcome>ERROR</testOutcome>
            </testReport>
            <testReport>
                <testedProperty>relative-failed-requests-5.0-100</testedProperty>
                <testOutcome>ERROR</testOutcome>
            </testReport>
            <testReport>
                <testedProperty>relative-failed-requests-10.0-100</testedProperty>
                <testOutcome>ERROR</testOutcome>
            </testReport>
            <testReport>
                <testedProperty>avg-response-time</testedProperty>
                <testOutcome>PASSED</testOutcome>
            </testReport>
        </testReports>
    </testResult>
    <testResult>
        <testId>-1347112900</testId>
        <customerName>ale</customerName>
        <serviceName>ale</serviceName>
        <loadGeneratorClass>at.ac.tuwien.iter.loadgenerators.TriangleLoadGenerator</loadGeneratorClass>
        <traceURL>http://10.99.0.118:8083/trace?tracespec=300:clients1,triangle,0.0,102.0;</traceURL>
        <recordedAt>1379691605529</recordedAt>
        <states>1.0 1.0 1.0 1.0 1.0 1.0 1.0 1.0 1.0 1.0 1.0 1.0 1.0 1.0 1.0 1.0 1.0 1.0 1.0 1.0 1.0 1.0 1.0 1.0 1.0 1.0 1.0 1.0 1.0 1.0 1.0 1.0 1.0 1.0 1.0 1.0 1.0 1.0 1.0 1.0 1.0 0.0</states>
        <parameters>0.91 102.0</parameters>
        <controllerDB>jdbc:hsqldb:file:/opt/iter/src/test/resources/datacollection/datacollection25-controller</controllerDB>
        <serviceDB>jdbc:hsqldb:file:/opt/iter/src/test/resources/datacollection/datacollection25-service</serviceDB>
        <clientsDB>/opt/iter/src/test/resources/datacollection/datacollection25-clients</clientsDB>
        <testReports>
            <testReport>
                <testedProperty>plasticity</testedProperty>
                <testOutcome>PASSED</testOutcome>
            </testReport>
            <testReport>
                <testedProperty>inelasticity</testedProperty>
                <testOutcome>PASSED</testOutcome>
            </testReport>
            <testReport>
                <testedProperty>no-failed-request</testedProperty>
                <testOutcome>ERROR</testOutcome>
            </testReport>
            <testReport>
                <testedProperty>absolute-failed-requests-10</testedProperty>
                <testOutcome>ERROR</testOutcome>
            </testReport>
            <testReport>
                <testedProperty>relative-failed-requests-1.0-100</testedProperty>
                <testOutcome>ERROR</testOutcome>
            </testReport>
            <testReport>
                <testedProperty>relative-failed-requests-5.0-100</testedProperty>
                <testOutcome>ERROR</testOutcome>
            </testReport>
            <testReport>
                <testedProperty>relative-failed-requests-10.0-100</testedProperty>
                <testOutcome>ERROR</testOutcome>
            </testReport>
            <testReport>
                <testedProperty>avg-response-time</testedProperty>
                <testOutcome>PASSED</testOutcome>
            </testReport>
        </testReports>
    </testResult>
    <testResult>
        <testId>704777564</testId>
        <customerName>ale</customerName>
        <serviceName>ale</serviceName>
        <loadGeneratorClass>at.ac.tuwien.iter.loadgenerators.TriangleLoadGenerator</loadGeneratorClass>
        <traceURL>http://10.99.0.118:8083/trace?tracespec=300:clients1,triangle,0.0,102.0;</traceURL>
        <recordedAt>1379692266218</recordedAt>
        <states>1.0 1.0 1.0 1.0 1.0 1.0 1.0 1.0 1.0 1.0 1.0 1.0 1.0 1.0 1.0 1.0 1.0 1.0 1.0 1.0 1.0 1.0 1.0 1.0 1.0 1.0 1.0 1.0 1.0 1.0</states>
        <parameters>0.41 102.0</parameters>
        <controllerDB>jdbc:hsqldb:file:/opt/iter/src/test/resources/datacollection/datacollection26-controller</controllerDB>
        <serviceDB>jdbc:hsqldb:file:/opt/iter/src/test/resources/datacollection/datacollection26-service</serviceDB>
        <clientsDB>/opt/iter/src/test/resources/datacollection/datacollection26-clients</clientsDB>
        <testReports>
            <testReport>
                <testedProperty>plasticity</testedProperty>
                <testOutcome>SKIPPED</testOutcome>
            </testReport>
            <testReport>
                <testedProperty>inelasticity</testedProperty>
                <testOutcome>SKIPPED</testOutcome>
            </testReport>
            <testReport>
                <testedProperty>no-failed-request</testedProperty>
                <testOutcome>ERROR</testOutcome>
            </testReport>
            <testReport>
                <testedProperty>absolute-failed-requests-10</testedProperty>
                <testOutcome>ERROR</testOutcome>
            </testReport>
            <testReport>
                <testedProperty>relative-failed-requests-1.0-100</testedProperty>
                <testOutcome>ERROR</testOutcome>
            </testReport>
            <testReport>
                <testedProperty>relative-failed-requests-5.0-100</testedProperty>
                <testOutcome>ERROR</testOutcome>
            </testReport>
            <testReport>
                <testedProperty>relative-failed-requests-10.0-100</testedProperty>
                <testOutcome>ERROR</testOutcome>
            </testReport>
            <testReport>
                <testedProperty>avg-response-time</testedProperty>
                <testOutcome>PASSED</testOutcome>
            </testReport>
        </testReports>
    </testResult>
    <testResult>
        <testId>1852824581</testId>
        <customerName>ale</customerName>
        <serviceName>ale</serviceName>
        <loadGeneratorClass>at.ac.tuwien.iter.loadgenerators.TriangleLoadGenerator</loadGeneratorClass>
        <traceURL>http://10.99.0.118:8083/trace?tracespec=300:clients1,triangle,0.0,219.0;</traceURL>
        <recordedAt>1379692926919</recordedAt>
        <states>1.0 1.0 1.0 1.0 1.0 1.0 1.0 1.0 1.0 1.0 1.0 1.0 1.0 1.0 1.0 1.0 1.0 1.0 1.0 1.0 1.0 1.0 1.0 1.0 1.0 1.0 1.0 1.0 1.0 1.0 1.0 1.0 1.0 1.0 1.0 1.0 1.0 1.0 1.0 1.0 1.0 1.0 1.0 1.0 1.0 1.0 1.0 1.0 1.0 1.0 1.0 1.0 1.0 1.0 1.0 1.0 1.0 1.0 1.0 1.0 1.0 1.0 1.0</states>
        <parameters>0.79 219.0</parameters>
        <controllerDB>jdbc:hsqldb:file:/opt/iter/src/test/resources/datacollection/datacollection27-controller</controllerDB>
        <serviceDB>jdbc:hsqldb:file:/opt/iter/src/test/resources/datacollection/datacollection27-service</serviceDB>
        <clientsDB>/opt/iter/src/test/resources/datacollection/datacollection27-clients</clientsDB>
        <testReports>
            <testReport>
                <testedProperty>plasticity</testedProperty>
                <testOutcome>SKIPPED</testOutcome>
            </testReport>
            <testReport>
                <testedProperty>inelasticity</testedProperty>
                <testOutcome>SKIPPED</testOutcome>
            </testReport>
            <testReport>
                <testedProperty>no-failed-request</testedProperty>
                <testOutcome>ERROR</testOutcome>
            </testReport>
            <testReport>
                <testedProperty>absolute-failed-requests-10</testedProperty>
                <testOutcome>ERROR</testOutcome>
            </testReport>
            <testReport>
                <testedProperty>relative-failed-requests-1.0-100</testedProperty>
                <testOutcome>ERROR</testOutcome>
            </testReport>
            <testReport>
                <testedProperty>relative-failed-requests-5.0-100</testedProperty>
                <testOutcome>ERROR</testOutcome>
            </testReport>
            <testReport>
                <testedProperty>relative-failed-requests-10.0-100</testedProperty>
                <testOutcome>ERROR</testOutcome>
            </testReport>
            <testReport>
                <testedProperty>avg-response-time</testedProperty>
                <testOutcome>PASSED</testOutcome>
            </testReport>
        </testReports>
    </testResult>
    <testResult>
        <testId>209661531</testId>
        <customerName>ale</customerName>
        <serviceName>ale</serviceName>
        <loadGeneratorClass>at.ac.tuwien.iter.loadgenerators.TriangleLoadGenerator</loadGeneratorClass>
        <traceURL>http://10.99.0.118:8083/trace?tracespec=300:clients1,triangle,0.0,234.0;</traceURL>
        <recordedAt>1379693587660</recordedAt>
        <states>1.0 1.0 1.0 1.0 1.0 1.0 1.0 1.0 1.0 1.0 1.0 1.0 1.0 1.0 1.0 1.0 1.0 1.0 1.0 1.0 1.0 1.0 1.0 1.0 1.0 1.0 1.0 1.0 1.0 1.0 1.0 1.0 1.0 1.0 1.0 1.0 1.0 1.0 1.0 1.0 1.0 1.0 1.0 1.0 1.0 1.0 1.0 1.0 1.0 0.0</states>
        <parameters>0.67 234.0</parameters>
        <controllerDB>jdbc:hsqldb:file:/opt/iter/src/test/resources/datacollection/datacollection28-controller</controllerDB>
        <serviceDB>jdbc:hsqldb:file:/opt/iter/src/test/resources/datacollection/datacollection28-service</serviceDB>
        <clientsDB>/opt/iter/src/test/resources/datacollection/datacollection28-clients</clientsDB>
        <testReports>
            <testReport>
                <testedProperty>plasticity</testedProperty>
                <testOutcome>PASSED</testOutcome>
            </testReport>
            <testReport>
                <testedProperty>inelasticity</testedProperty>
                <testOutcome>PASSED</testOutcome>
            </testReport>
            <testReport>
                <testedProperty>no-failed-request</testedProperty>
                <testOutcome>ERROR</testOutcome>
            </testReport>
            <testReport>
                <testedProperty>absolute-failed-requests-10</testedProperty>
                <testOutcome>ERROR</testOutcome>
            </testReport>
            <testReport>
                <testedProperty>relative-failed-requests-1.0-100</testedProperty>
                <testOutcome>ERROR</testOutcome>
            </testReport>
            <testReport>
                <testedProperty>relative-failed-requests-5.0-100</testedProperty>
                <testOutcome>ERROR</testOutcome>
            </testReport>
            <testReport>
                <testedProperty>relative-failed-requests-10.0-100</testedProperty>
                <testOutcome>ERROR</testOutcome>
            </testReport>
            <testReport>
                <testedProperty>avg-response-time</testedProperty>
                <testOutcome>PASSED</testOutcome>
            </testReport>
        </testReports>
    </testResult>
    <testResult>
        <testId>694290355</testId>
        <customerName>ale</customerName>
        <serviceName>ale</serviceName>
        <loadGeneratorClass>at.ac.tuwien.iter.loadgenerators.TriangleLoadGenerator</loadGeneratorClass>
        <traceURL>http://10.99.0.118:8083/trace?tracespec=300:clients1,triangle,0.0,236.0;</traceURL>
        <recordedAt>1379694248372</recordedAt>
        <states>1.0 1.0 1.0 1.0 1.0 1.0 1.0 1.0 1.0 1.0 1.0 1.0 1.0 1.0 1.0 1.0 1.0 1.0 1.0 1.0 1.0 1.0 1.0 1.0 1.0 1.0 1.0 1.0 1.0 1.0 1.0 1.0 1.0 1.0 1.0 1.0 0.0</states>
        <parameters>0.93 236.0</parameters>
        <controllerDB>jdbc:hsqldb:file:/opt/iter/src/test/resources/datacollection/datacollection29-controller</controllerDB>
        <serviceDB>jdbc:hsqldb:file:/opt/iter/src/test/resources/datacollection/datacollection29-service</serviceDB>
        <clientsDB>/opt/iter/src/test/resources/datacollection/datacollection29-clients</clientsDB>
        <testReports>
            <testReport>
                <testedProperty>plasticity</testedProperty>
                <testOutcome>PASSED</testOutcome>
            </testReport>
            <testReport>
                <testedProperty>inelasticity</testedProperty>
                <testOutcome>PASSED</testOutcome>
            </testReport>
            <testReport>
                <testedProperty>no-failed-request</testedProperty>
                <testOutcome>ERROR</testOutcome>
            </testReport>
            <testReport>
                <testedProperty>absolute-failed-requests-10</testedProperty>
                <testOutcome>ERROR</testOutcome>
            </testReport>
            <testReport>
                <testedProperty>relative-failed-requests-1.0-100</testedProperty>
                <testOutcome>ERROR</testOutcome>
            </testReport>
            <testReport>
                <testedProperty>relative-failed-requests-5.0-100</testedProperty>
                <testOutcome>ERROR</testOutcome>
            </testReport>
            <testReport>
                <testedProperty>relative-failed-requests-10.0-100</testedProperty>
                <testOutcome>ERROR</testOutcome>
            </testReport>
            <testReport>
                <testedProperty>avg-response-time</testedProperty>
                <testOutcome>PASSED</testOutcome>
            </testReport>
        </testReports>
    </testResult>
    <testResult>
        <testId>137995996</testId>
        <customerName>ale</customerName>
        <serviceName>ale</serviceName>
        <loadGeneratorClass>at.ac.tuwien.iter.loadgenerators.TriangleLoadGenerator</loadGeneratorClass>
        <traceURL>http://10.99.0.118:8083/trace?tracespec=300:clients1,triangle,0.0,193.0;</traceURL>
        <recordedAt>1379694909094</recordedAt>
        <states>1.0 1.0 1.0 1.0 1.0 1.0 1.0 1.0 1.0 1.0 1.0 1.0 1.0 1.0 1.0 1.0 1.0 1.0 1.0 1.0 1.0 1.0 1.0 1.0 1.0 1.0 1.0 1.0 1.0 1.0 1.0 1.0 1.0 1.0 1.0 1.0 1.0 1.0 1.0 1.0 1.0</states>
        <parameters>0.54 193.0</parameters>
        <controllerDB>jdbc:hsqldb:file:/opt/iter/src/test/resources/datacollection/datacollection30-controller</controllerDB>
        <serviceDB>jdbc:hsqldb:file:/opt/iter/src/test/resources/datacollection/datacollection30-service</serviceDB>
        <clientsDB>/opt/iter/src/test/resources/datacollection/datacollection30-clients</clientsDB>
        <testReports>
            <testReport>
                <testedProperty>plasticity</testedProperty>
                <testOutcome>SKIPPED</testOutcome>
            </testReport>
            <testReport>
                <testedProperty>inelasticity</testedProperty>
                <testOutcome>SKIPPED</testOutcome>
            </testReport>
            <testReport>
                <testedProperty>no-failed-request</testedProperty>
                <testOutcome>ERROR</testOutcome>
            </testReport>
            <testReport>
                <testedProperty>absolute-failed-requests-10</testedProperty>
                <testOutcome>ERROR</testOutcome>
            </testReport>
            <testReport>
                <testedProperty>relative-failed-requests-1.0-100</testedProperty>
                <testOutcome>ERROR</testOutcome>
            </testReport>
            <testReport>
                <testedProperty>relative-failed-requests-5.0-100</testedProperty>
                <testOutcome>ERROR</testOutcome>
            </testReport>
            <testReport>
                <testedProperty>relative-failed-requests-10.0-100</testedProperty>
                <testOutcome>ERROR</testOutcome>
            </testReport>
            <testReport>
                <testedProperty>avg-response-time</testedProperty>
                <testOutcome>PASSED</testOutcome>
            </testReport>
        </testReports>
    </testResult>
    <testResult>
        <testId>-94733473</testId>
        <customerName>ale</customerName>
        <serviceName>ale</serviceName>
        <loadGeneratorClass>at.ac.tuwien.iter.loadgenerators.TriangleLoadGenerator</loadGeneratorClass>
        <traceURL>http://10.99.0.118:8083/trace?tracespec=300:clients1,triangle,0.0,118.0;</traceURL>
        <recordedAt>1379695569724</recordedAt>
        <states>1.0 1.0 1.0 1.0 1.0 1.0 1.0 1.0 1.0 1.0 1.0 1.0 1.0 1.0 1.0 1.0 1.0 1.0 1.0 1.0 1.0 1.0 1.0 1.0 1.0 1.0 1.0 1.0 1.0 1.0 1.0 1.0 1.0 1.0 1.0 1.0 1.0 1.0 1.0 1.0 1.0 1.0 1.0</states>
        <parameters>0.92 118.0</parameters>
        <controllerDB>jdbc:hsqldb:file:/opt/iter/src/test/resources/datacollection/datacollection31-controller</controllerDB>
        <serviceDB>jdbc:hsqldb:file:/opt/iter/src/test/resources/datacollection/datacollection31-service</serviceDB>
        <clientsDB>/opt/iter/src/test/resources/datacollection/datacollection31-clients</clientsDB>
        <testReports>
            <testReport>
                <testedProperty>plasticity</testedProperty>
                <testOutcome>SKIPPED</testOutcome>
            </testReport>
            <testReport>
                <testedProperty>inelasticity</testedProperty>
                <testOutcome>SKIPPED</testOutcome>
            </testReport>
            <testReport>
                <testedProperty>no-failed-request</testedProperty>
                <testOutcome>ERROR</testOutcome>
            </testReport>
            <testReport>
                <testedProperty>absolute-failed-requests-10</testedProperty>
                <testOutcome>ERROR</testOutcome>
            </testReport>
            <testReport>
                <testedProperty>relative-failed-requests-1.0-100</testedProperty>
                <testOutcome>ERROR</testOutcome>
            </testReport>
            <testReport>
                <testedProperty>relative-failed-requests-5.0-100</testedProperty>
                <testOutcome>ERROR</testOutcome>
            </testReport>
            <testReport>
                <testedProperty>relative-failed-requests-10.0-100</testedProperty>
                <testOutcome>ERROR</testOutcome>
            </testReport>
            <testReport>
                <testedProperty>avg-response-time</testedProperty>
                <testOutcome>PASSED</testOutcome>
            </testReport>
        </testReports>
    </testResult>
    <testResult>
        <testId>1872000585</testId>
        <customerName>ale</customerName>
        <serviceName>ale</serviceName>
        <loadGeneratorClass>at.ac.tuwien.iter.loadgenerators.TriangleLoadGenerator</loadGeneratorClass>
        <traceURL>http://10.99.0.118:8083/trace?tracespec=300:clients1,triangle,0.0,78.0;</traceURL>
        <recordedAt>1379696230464</recordedAt>
        <states>1.0 1.0 1.0 1.0 1.0 1.0 1.0 1.0 1.0 1.0 1.0 1.0 1.0 1.0</states>
        <parameters>0.39 78.0</parameters>
        <controllerDB>jdbc:hsqldb:file:/opt/iter/src/test/resources/datacollection/datacollection32-controller</controllerDB>
        <serviceDB>jdbc:hsqldb:file:/opt/iter/src/test/resources/datacollection/datacollection32-service</serviceDB>
        <clientsDB>/opt/iter/src/test/resources/datacollection/datacollection32-clients</clientsDB>
        <testReports>
            <testReport>
                <testedProperty>plasticity</testedProperty>
                <testOutcome>SKIPPED</testOutcome>
            </testReport>
            <testReport>
                <testedProperty>inelasticity</testedProperty>
                <testOutcome>SKIPPED</testOutcome>
            </testReport>
            <testReport>
                <testedProperty>no-failed-request</testedProperty>
                <testOutcome>ERROR</testOutcome>
            </testReport>
            <testReport>
                <testedProperty>absolute-failed-requests-10</testedProperty>
                <testOutcome>ERROR</testOutcome>
            </testReport>
            <testReport>
                <testedProperty>relative-failed-requests-1.0-100</testedProperty>
                <testOutcome>ERROR</testOutcome>
            </testReport>
            <testReport>
                <testedProperty>relative-failed-requests-5.0-100</testedProperty>
                <testOutcome>ERROR</testOutcome>
            </testReport>
            <testReport>
                <testedProperty>relative-failed-requests-10.0-100</testedProperty>
                <testOutcome>ERROR</testOutcome>
            </testReport>
            <testReport>
                <testedProperty>avg-response-time</testedProperty>
                <testOutcome>PASSED</testOutcome>
            </testReport>
        </testReports>
    </testResult>
    <testResult>
        <testId>-18797463</testId>
        <customerName>ale</customerName>
        <serviceName>ale</serviceName>
        <loadGeneratorClass>at.ac.tuwien.iter.loadgenerators.TriangleLoadGenerator</loadGeneratorClass>
        <traceURL>http://10.99.0.118:8083/trace?tracespec=300:clients1,triangle,0.0,212.0;</traceURL>
        <recordedAt>1379696891048</recordedAt>
        <states>1.0 1.0 1.0 1.0 1.0 1.0 1.0 1.0 1.0 1.0 1.0 1.0 1.0 1.0 1.0 1.0 1.0 1.0 1.0 1.0 1.0 1.0 1.0 1.0 1.0 1.0 1.0 1.0 1.0 1.0 1.0 1.0 1.0 1.0 1.0 1.0 1.0 1.0 1.0</states>
        <parameters>0.35 212.0</parameters>
        <controllerDB>jdbc:hsqldb:file:/opt/iter/src/test/resources/datacollection/datacollection33-controller</controllerDB>
        <serviceDB>jdbc:hsqldb:file:/opt/iter/src/test/resources/datacollection/datacollection33-service</serviceDB>
        <clientsDB>/opt/iter/src/test/resources/datacollection/datacollection33-clients</clientsDB>
        <testReports>
            <testReport>
                <testedProperty>plasticity</testedProperty>
                <testOutcome>SKIPPED</testOutcome>
            </testReport>
            <testReport>
                <testedProperty>inelasticity</testedProperty>
                <testOutcome>SKIPPED</testOutcome>
            </testReport>
            <testReport>
                <testedProperty>no-failed-request</testedProperty>
                <testOutcome>ERROR</testOutcome>
            </testReport>
            <testReport>
                <testedProperty>absolute-failed-requests-10</testedProperty>
                <testOutcome>ERROR</testOutcome>
            </testReport>
            <testReport>
                <testedProperty>relative-failed-requests-1.0-100</testedProperty>
                <testOutcome>ERROR</testOutcome>
            </testReport>
            <testReport>
                <testedProperty>relative-failed-requests-5.0-100</testedProperty>
                <testOutcome>ERROR</testOutcome>
            </testReport>
            <testReport>
                <testedProperty>relative-failed-requests-10.0-100</testedProperty>
                <testOutcome>ERROR</testOutcome>
            </testReport>
            <testReport>
                <testedProperty>avg-response-time</testedProperty>
                <testOutcome>PASSED</testOutcome>
            </testReport>
        </testReports>
    </testResult>
    <testResult>
        <testId>-1196654361</testId>
        <customerName>ale</customerName>
        <serviceName>ale</serviceName>
        <loadGeneratorClass>at.ac.tuwien.iter.loadgenerators.TriangleLoadGenerator</loadGeneratorClass>
        <traceURL>http://10.99.0.118:8083/trace?tracespec=300:clients1,triangle,0.0,279.0;</traceURL>
        <recordedAt>1379697611712</recordedAt>
        <states>1.0 1.0 1.0 1.0 1.0 1.0 1.0</states>
        <parameters>0.23 279.0</parameters>
        <controllerDB>jdbc:hsqldb:file:/opt/iter/src/test/resources/datacollection/datacollection34-controller</controllerDB>
        <serviceDB>jdbc:hsqldb:file:/opt/iter/src/test/resources/datacollection/datacollection34-service</serviceDB>
        <clientsDB>/opt/iter/src/test/resources/datacollection/datacollection34-clients</clientsDB>
        <testReports>
            <testReport>
                <testedProperty>plasticity</testedProperty>
                <testOutcome>SKIPPED</testOutcome>
            </testReport>
            <testReport>
                <testedProperty>inelasticity</testedProperty>
                <testOutcome>SKIPPED</testOutcome>
            </testReport>
            <testReport>
                <testedProperty>no-failed-request</testedProperty>
                <testOutcome>ERROR</testOutcome>
            </testReport>
            <testReport>
                <testedProperty>absolute-failed-requests-10</testedProperty>
                <testOutcome>ERROR</testOutcome>
            </testReport>
            <testReport>
                <testedProperty>relative-failed-requests-1.0-100</testedProperty>
                <testOutcome>ERROR</testOutcome>
            </testReport>
            <testReport>
                <testedProperty>relative-failed-requests-5.0-100</testedProperty>
                <testOutcome>ERROR</testOutcome>
            </testReport>
            <testReport>
                <testedProperty>relative-failed-requests-10.0-100</testedProperty>
                <testOutcome>ERROR</testOutcome>
            </testReport>
            <testReport>
                <testedProperty>avg-response-time</testedProperty>
                <testOutcome>PASSED</testOutcome>
            </testReport>
        </testReports>
    </testResult>
    <testResult>
        <testId>1148923525</testId>
        <customerName>ale</customerName>
        <serviceName>ale</serviceName>
        <loadGeneratorClass>at.ac.tuwien.iter.loadgenerators.TriangleLoadGenerator</loadGeneratorClass>
        <traceURL>http://10.99.0.118:8083/trace?tracespec=300:clients1,triangle,0.0,229.0;</traceURL>
        <recordedAt>1379698332473</recordedAt>
        <states>1.0 1.0 1.0 1.0 1.0 1.0 1.0 1.0 1.0 1.0 1.0 1.0 1.0 1.0 1.0 1.0 1.0 1.0 1.0 1.0 1.0 1.0 1.0 1.0 1.0 1.0 1.0 1.0 1.0 1.0 0.0</states>
        <parameters>0.18 229.0</parameters>
        <controllerDB>jdbc:hsqldb:file:/opt/iter/src/test/resources/datacollection/datacollection35-controller</controllerDB>
        <serviceDB>jdbc:hsqldb:file:/opt/iter/src/test/resources/datacollection/datacollection35-service</serviceDB>
        <clientsDB>/opt/iter/src/test/resources/datacollection/datacollection35-clients</clientsDB>
        <testReports>
            <testReport>
                <testedProperty>plasticity</testedProperty>
                <testOutcome>PASSED</testOutcome>
            </testReport>
            <testReport>
                <testedProperty>inelasticity</testedProperty>
                <testOutcome>PASSED</testOutcome>
            </testReport>
            <testReport>
                <testedProperty>no-failed-request</testedProperty>
                <testOutcome>ERROR</testOutcome>
            </testReport>
            <testReport>
                <testedProperty>absolute-failed-requests-10</testedProperty>
                <testOutcome>ERROR</testOutcome>
            </testReport>
            <testReport>
                <testedProperty>relative-failed-requests-1.0-100</testedProperty>
                <testOutcome>ERROR</testOutcome>
            </testReport>
            <testReport>
                <testedProperty>relative-failed-requests-5.0-100</testedProperty>
                <testOutcome>ERROR</testOutcome>
            </testReport>
            <testReport>
                <testedProperty>relative-failed-requests-10.0-100</testedProperty>
                <testOutcome>ERROR</testOutcome>
            </testReport>
            <testReport>
                <testedProperty>avg-response-time</testedProperty>
                <testOutcome>PASSED</testOutcome>
            </testReport>
        </testReports>
    </testResult>
    <testResult>
        <testId>-1727153692</testId>
        <customerName>ale</customerName>
        <serviceName>ale</serviceName>
        <loadGeneratorClass>at.ac.tuwien.iter.loadgenerators.TriangleLoadGenerator</loadGeneratorClass>
        <traceURL>http://10.99.0.118:8083/trace?tracespec=300:clients1,triangle,0.0,78.0;</traceURL>
        <recordedAt>1379698993241</recordedAt>
        <states>1.0 1.0 1.0 1.0 1.0 1.0 1.0 1.0 1.0 1.0 1.0 1.0 1.0 1.0 1.0 1.0 1.0 1.0 1.0 1.0 1.0 1.0 1.0</states>
        <parameters>0.1 78.0</parameters>
        <controllerDB>jdbc:hsqldb:file:/opt/iter/src/test/resources/datacollection/datacollection36-controller</controllerDB>
        <serviceDB>jdbc:hsqldb:file:/opt/iter/src/test/resources/datacollection/datacollection36-service</serviceDB>
        <clientsDB>/opt/iter/src/test/resources/datacollection/datacollection36-clients</clientsDB>
        <testReports>
            <testReport>
                <testedProperty>plasticity</testedProperty>
                <testOutcome>SKIPPED</testOutcome>
            </testReport>
            <testReport>
                <testedProperty>inelasticity</testedProperty>
                <testOutcome>SKIPPED</testOutcome>
            </testReport>
            <testReport>
                <testedProperty>no-failed-request</testedProperty>
                <testOutcome>ERROR</testOutcome>
            </testReport>
            <testReport>
                <testedProperty>absolute-failed-requests-10</testedProperty>
                <testOutcome>ERROR</testOutcome>
            </testReport>
            <testReport>
                <testedProperty>relative-failed-requests-1.0-100</testedProperty>
                <testOutcome>ERROR</testOutcome>
            </testReport>
            <testReport>
                <testedProperty>relative-failed-requests-5.0-100</testedProperty>
                <testOutcome>ERROR</testOutcome>
            </testReport>
            <testReport>
                <testedProperty>relative-failed-requests-10.0-100</testedProperty>
                <testOutcome>ERROR</testOutcome>
            </testReport>
            <testReport>
                <testedProperty>avg-response-time</testedProperty>
                <testOutcome>PASSED</testOutcome>
            </testReport>
        </testReports>
    </testResult>
    <testResult>
        <testId>412368430</testId>
        <customerName>ale</customerName>
        <serviceName>ale</serviceName>
        <loadGeneratorClass>at.ac.tuwien.iter.loadgenerators.TriangleLoadGenerator</loadGeneratorClass>
        <traceURL>http://10.99.0.118:8083/trace?tracespec=300:clients1,triangle,0.0,219.0;</traceURL>
        <recordedAt>1379699653818</recordedAt>
        <states>1.0 1.0 1.0 1.0 1.0 1.0 1.0 1.0 1.0 1.0 1.0 1.0 1.0 1.0 1.0 1.0 1.0 1.0 1.0 1.0 1.0 1.0 1.0 1.0 1.0 1.0 1.0 1.0 1.0 1.0 1.0 1.0 1.0 1.0 1.0 1.0 1.0 1.0 1.0 1.0 1.0 1.0 1.0 1.0 1.0 1.0 1.0 1.0 1.0 1.0 1.0 1.0 1.0 1.0 1.0 1.0 1.0 1.0 1.0 1.0</states>
        <parameters>0.68 219.0</parameters>
        <controllerDB>jdbc:hsqldb:file:/opt/iter/src/test/resources/datacollection/datacollection37-controller</controllerDB>
        <serviceDB>jdbc:hsqldb:file:/opt/iter/src/test/resources/datacollection/datacollection37-service</serviceDB>
        <clientsDB>/opt/iter/src/test/resources/datacollection/datacollection37-clients</clientsDB>
        <testReports>
            <testReport>
                <testedProperty>plasticity</testedProperty>
                <testOutcome>SKIPPED</testOutcome>
            </testReport>
            <testReport>
                <testedProperty>inelasticity</testedProperty>
                <testOutcome>SKIPPED</testOutcome>
            </testReport>
            <testReport>
                <testedProperty>no-failed-request</testedProperty>
                <testOutcome>ERROR</testOutcome>
            </testReport>
            <testReport>
                <testedProperty>absolute-failed-requests-10</testedProperty>
                <testOutcome>ERROR</testOutcome>
            </testReport>
            <testReport>
                <testedProperty>relative-failed-requests-1.0-100</testedProperty>
                <testOutcome>ERROR</testOutcome>
            </testReport>
            <testReport>
                <testedProperty>relative-failed-requests-5.0-100</testedProperty>
                <testOutcome>ERROR</testOutcome>
            </testReport>
            <testReport>
                <testedProperty>relative-failed-requests-10.0-100</testedProperty>
                <testOutcome>ERROR</testOutcome>
            </testReport>
            <testReport>
                <testedProperty>avg-response-time</testedProperty>
                <testOutcome>PASSED</testOutcome>
            </testReport>
        </testReports>
    </testResult>
    <testResult>
        <testId>2033221865</testId>
        <customerName>ale</customerName>
        <serviceName>ale</serviceName>
        <loadGeneratorClass>at.ac.tuwien.iter.loadgenerators.TriangleLoadGenerator</loadGeneratorClass>
        <traceURL>http://10.99.0.118:8083/trace?tracespec=300:clients1,triangle,0.0,217.0;</traceURL>
        <recordedAt>1379700374481</recordedAt>
        <states>1.0 1.0 1.0 1.0 1.0 1.0 1.0 1.0 1.0 0.0</states>
        <parameters>0.92 217.0</parameters>
        <controllerDB>jdbc:hsqldb:file:/opt/iter/src/test/resources/datacollection/datacollection38-controller</controllerDB>
        <serviceDB>jdbc:hsqldb:file:/opt/iter/src/test/resources/datacollection/datacollection38-service</serviceDB>
        <clientsDB>/opt/iter/src/test/resources/datacollection/datacollection38-clients</clientsDB>
        <testReports>
            <testReport>
                <testedProperty>plasticity</testedProperty>
                <testOutcome>PASSED</testOutcome>
            </testReport>
            <testReport>
                <testedProperty>inelasticity</testedProperty>
                <testOutcome>PASSED</testOutcome>
            </testReport>
            <testReport>
                <testedProperty>no-failed-request</testedProperty>
                <testOutcome>ERROR</testOutcome>
            </testReport>
            <testReport>
                <testedProperty>absolute-failed-requests-10</testedProperty>
                <testOutcome>ERROR</testOutcome>
            </testReport>
            <testReport>
                <testedProperty>relative-failed-requests-1.0-100</testedProperty>
                <testOutcome>ERROR</testOutcome>
            </testReport>
            <testReport>
                <testedProperty>relative-failed-requests-5.0-100</testedProperty>
                <testOutcome>ERROR</testOutcome>
            </testReport>
            <testReport>
                <testedProperty>relative-failed-requests-10.0-100</testedProperty>
                <testOutcome>ERROR</testOutcome>
            </testReport>
            <testReport>
                <testedProperty>avg-response-time</testedProperty>
                <testOutcome>PASSED</testOutcome>
            </testReport>
        </testReports>
    </testResult>
    <testResult>
        <testId>601721126</testId>
        <customerName>ale</customerName>
        <serviceName>ale</serviceName>
        <loadGeneratorClass>at.ac.tuwien.iter.loadgenerators.TriangleLoadGenerator</loadGeneratorClass>
        <traceURL>http://10.99.0.118:8083/trace?tracespec=300:clients1,triangle,0.0,174.0;</traceURL>
        <recordedAt>1379701095172</recordedAt>
        <states>1.0 1.0 1.0 1.0 1.0 1.0 1.0 1.0 1.0 1.0 1.0 1.0 1.0 1.0 1.0 1.0 1.0 1.0 1.0 1.0 1.0 1.0 1.0 1.0 1.0 1.0 1.0 1.0 1.0 1.0 1.0 1.0 1.0</states>
        <parameters>0.86 174.0</parameters>
        <controllerDB>jdbc:hsqldb:file:/opt/iter/src/test/resources/datacollection/datacollection39-controller</controllerDB>
        <serviceDB>jdbc:hsqldb:file:/opt/iter/src/test/resources/datacollection/datacollection39-service</serviceDB>
        <clientsDB>/opt/iter/src/test/resources/datacollection/datacollection39-clients</clientsDB>
        <testReports>
            <testReport>
                <testedProperty>plasticity</testedProperty>
                <testOutcome>SKIPPED</testOutcome>
            </testReport>
            <testReport>
                <testedProperty>inelasticity</testedProperty>
                <testOutcome>SKIPPED</testOutcome>
            </testReport>
            <testReport>
                <testedProperty>no-failed-request</testedProperty>
                <testOutcome>ERROR</testOutcome>
            </testReport>
            <testReport>
                <testedProperty>absolute-failed-requests-10</testedProperty>
                <testOutcome>ERROR</testOutcome>
            </testReport>
            <testReport>
                <testedProperty>relative-failed-requests-1.0-100</testedProperty>
                <testOutcome>ERROR</testOutcome>
            </testReport>
            <testReport>
                <testedProperty>relative-failed-requests-5.0-100</testedProperty>
                <testOutcome>ERROR</testOutcome>
            </testReport>
            <testReport>
                <testedProperty>relative-failed-requests-10.0-100</testedProperty>
                <testOutcome>ERROR</testOutcome>
            </testReport>
            <testReport>
                <testedProperty>avg-response-time</testedProperty>
                <testOutcome>PASSED</testOutcome>
            </testReport>
        </testReports>
    </testResult>
    <testResult>
        <testId>-596116385</testId>
        <customerName>ale</customerName>
        <serviceName>ale</serviceName>
        <loadGeneratorClass>at.ac.tuwien.iter.loadgenerators.TriangleLoadGenerator</loadGeneratorClass>
        <traceURL>http://10.99.0.118:8083/trace?tracespec=300:clients1,triangle,0.0,166.0;</traceURL>
        <recordedAt>1379701755855</recordedAt>
        <states>1.0 1.0 1.0 1.0 1.0 1.0 1.0 1.0 1.0 1.0 1.0 1.0 1.0 1.0</states>
        <parameters>0.29 166.0</parameters>
        <controllerDB>jdbc:hsqldb:file:/opt/iter/src/test/resources/datacollection/datacollection40-controller</controllerDB>
        <serviceDB>jdbc:hsqldb:file:/opt/iter/src/test/resources/datacollection/datacollection40-service</serviceDB>
        <clientsDB>/opt/iter/src/test/resources/datacollection/datacollection40-clients</clientsDB>
        <testReports>
            <testReport>
                <testedProperty>plasticity</testedProperty>
                <testOutcome>SKIPPED</testOutcome>
            </testReport>
            <testReport>
                <testedProperty>inelasticity</testedProperty>
                <testOutcome>SKIPPED</testOutcome>
            </testReport>
            <testReport>
                <testedProperty>no-failed-request</testedProperty>
                <testOutcome>ERROR</testOutcome>
            </testReport>
            <testReport>
                <testedProperty>absolute-failed-requests-10</testedProperty>
                <testOutcome>ERROR</testOutcome>
            </testReport>
            <testReport>
                <testedProperty>relative-failed-requests-1.0-100</testedProperty>
                <testOutcome>ERROR</testOutcome>
            </testReport>
            <testReport>
                <testedProperty>relative-failed-requests-5.0-100</testedProperty>
                <testOutcome>ERROR</testOutcome>
            </testReport>
            <testReport>
                <testedProperty>relative-failed-requests-10.0-100</testedProperty>
                <testOutcome>ERROR</testOutcome>
            </testReport>
            <testReport>
                <testedProperty>avg-response-time</testedProperty>
                <testOutcome>PASSED</testOutcome>
            </testReport>
        </testReports>
    </testResult>
    <testResult>
        <testId>-1472342919</testId>
        <customerName>ale</customerName>
        <serviceName>ale</serviceName>
        <loadGeneratorClass>at.ac.tuwien.iter.loadgenerators.TriangleLoadGenerator</loadGeneratorClass>
        <traceURL>http://10.99.0.118:8083/trace?tracespec=300:clients1,triangle,0.0,267.0;</traceURL>
        <recordedAt>1379702356512</recordedAt>
        <states>1.0 1.0 1.0 1.0 1.0 1.0 1.0 1.0 1.0 1.0 1.0 1.0 1.0 1.0 1.0 1.0 1.0 1.0 1.0 1.0 1.0 1.0 1.0 1.0 1.0 1.0 1.0 1.0 1.0 1.0 1.0 1.0 1.0 1.0 1.0 1.0 1.0 1.0 1.0 1.0 1.0 1.0 1.0 1.0 1.0 1.0 1.0</states>
        <parameters>0.22 267.0</parameters>
        <controllerDB>jdbc:hsqldb:file:/opt/iter/src/test/resources/datacollection/datacollection41-controller</controllerDB>
        <serviceDB>jdbc:hsqldb:file:/opt/iter/src/test/resources/datacollection/datacollection41-service</serviceDB>
        <clientsDB>/opt/iter/src/test/resources/datacollection/datacollection41-clients</clientsDB>
        <testReports>
            <testReport>
                <testedProperty>plasticity</testedProperty>
                <testOutcome>SKIPPED</testOutcome>
            </testReport>
            <testReport>
                <testedProperty>inelasticity</testedProperty>
                <testOutcome>SKIPPED</testOutcome>
            </testReport>
            <testReport>
                <testedProperty>no-failed-request</testedProperty>
                <testOutcome>ERROR</testOutcome>
            </testReport>
            <testReport>
                <testedProperty>absolute-failed-requests-10</testedProperty>
                <testOutcome>ERROR</testOutcome>
            </testReport>
            <testReport>
                <testedProperty>relative-failed-requests-1.0-100</testedProperty>
                <testOutcome>ERROR</testOutcome>
            </testReport>
            <testReport>
                <testedProperty>relative-failed-requests-5.0-100</testedProperty>
                <testOutcome>ERROR</testOutcome>
            </testReport>
            <testReport>
                <testedProperty>relative-failed-requests-10.0-100</testedProperty>
                <testOutcome>ERROR</testOutcome>
            </testReport>
            <testReport>
                <testedProperty>avg-response-time</testedProperty>
                <testOutcome>PASSED</testOutcome>
            </testReport>
        </testReports>
    </testResult>
    <testResult>
        <testId>-747392828</testId>
        <customerName>ale</customerName>
        <serviceName>ale</serviceName>
        <loadGeneratorClass>at.ac.tuwien.iter.loadgenerators.TriangleLoadGenerator</loadGeneratorClass>
        <traceURL>http://10.99.0.118:8083/trace?tracespec=300:clients1,triangle,0.0,250.0;</traceURL>
        <recordedAt>1379704097633</recordedAt>
        <states>1.0 1.0 1.0 1.0 1.0 1.0 1.0 1.0 1.0 1.0 1.0 1.0 1.0 1.0 1.0 1.0 1.0 1.0</states>
        <parameters>0.88 250.0</parameters>
        <controllerDB>jdbc:hsqldb:file:/opt/iter/src/test/resources/datacollection/datacollection44-controller</controllerDB>
        <serviceDB>jdbc:hsqldb:file:/opt/iter/src/test/resources/datacollection/datacollection44-service</serviceDB>
        <clientsDB>/opt/iter/src/test/resources/datacollection/datacollection44-clients</clientsDB>
        <testReports>
            <testReport>
                <testedProperty>plasticity</testedProperty>
                <testOutcome>SKIPPED</testOutcome>
            </testReport>
            <testReport>
                <testedProperty>inelasticity</testedProperty>
                <testOutcome>SKIPPED</testOutcome>
            </testReport>
            <testReport>
                <testedProperty>no-failed-request</testedProperty>
                <testOutcome>ERROR</testOutcome>
            </testReport>
            <testReport>
                <testedProperty>absolute-failed-requests-10</testedProperty>
                <testOutcome>ERROR</testOutcome>
            </testReport>
            <testReport>
                <testedProperty>relative-failed-requests-1.0-100</testedProperty>
                <testOutcome>ERROR</testOutcome>
            </testReport>
            <testReport>
                <testedProperty>relative-failed-requests-5.0-100</testedProperty>
                <testOutcome>ERROR</testOutcome>
            </testReport>
            <testReport>
                <testedProperty>relative-failed-requests-10.0-100</testedProperty>
                <testOutcome>ERROR</testOutcome>
            </testReport>
            <testReport>
                <testedProperty>avg-response-time</testedProperty>
                <testOutcome>PASSED</testOutcome>
            </testReport>
        </testReports>
    </testResult>
    <testResult>
        <testId>197610269</testId>
        <customerName>ale</customerName>
        <serviceName>ale</serviceName>
        <loadGeneratorClass>at.ac.tuwien.iter.loadgenerators.TriangleLoadGenerator</loadGeneratorClass>
        <traceURL>http://10.99.0.118:8083/trace?tracespec=300:clients1,triangle,0.0,121.0;</traceURL>
        <recordedAt>1379704758266</recordedAt>
        <states>1.0 1.0 1.0 1.0 1.0 1.0 1.0 1.0 1.0 1.0 1.0 1.0 1.0 1.0 1.0 1.0 1.0 1.0 1.0 1.0 1.0 1.0 1.0 1.0 1.0 1.0 1.0 1.0 1.0 1.0 1.0 1.0 1.0</states>
        <parameters>0.31 121.0</parameters>
        <controllerDB>jdbc:hsqldb:file:/opt/iter/src/test/resources/datacollection/datacollection45-controller</controllerDB>
        <serviceDB>jdbc:hsqldb:file:/opt/iter/src/test/resources/datacollection/datacollection45-service</serviceDB>
        <clientsDB>/opt/iter/src/test/resources/datacollection/datacollection45-clients</clientsDB>
        <testReports>
            <testReport>
                <testedProperty>plasticity</testedProperty>
                <testOutcome>SKIPPED</testOutcome>
            </testReport>
            <testReport>
                <testedProperty>inelasticity</testedProperty>
                <testOutcome>SKIPPED</testOutcome>
            </testReport>
            <testReport>
                <testedProperty>no-failed-request</testedProperty>
                <testOutcome>ERROR</testOutcome>
            </testReport>
            <testReport>
                <testedProperty>absolute-failed-requests-10</testedProperty>
                <testOutcome>ERROR</testOutcome>
            </testReport>
            <testReport>
                <testedProperty>relative-failed-requests-1.0-100</testedProperty>
                <testOutcome>ERROR</testOutcome>
            </testReport>
            <testReport>
                <testedProperty>relative-failed-requests-5.0-100</testedProperty>
                <testOutcome>ERROR</testOutcome>
            </testReport>
            <testReport>
                <testedProperty>relative-failed-requests-10.0-100</testedProperty>
                <testOutcome>ERROR</testOutcome>
            </testReport>
            <testReport>
                <testedProperty>avg-response-time</testedProperty>
                <testOutcome>PASSED</testOutcome>
            </testReport>
        </testReports>
    </testResult>
    <testResult>
        <testId>888395634</testId>
        <customerName>ale</customerName>
        <serviceName>ale</serviceName>
        <loadGeneratorClass>at.ac.tuwien.iter.loadgenerators.TriangleLoadGenerator</loadGeneratorClass>
        <traceURL>http://10.99.0.118:8083/trace?tracespec=300:clients1,triangle,0.0,154.0;</traceURL>
        <recordedAt>1379705418932</recordedAt>
        <states>1.0 1.0 1.0 1.0 1.0 1.0 1.0 1.0 1.0 1.0 1.0</states>
        <parameters>0.34 154.0</parameters>
        <controllerDB>jdbc:hsqldb:file:/opt/iter/src/test/resources/datacollection/datacollection46-controller</controllerDB>
        <serviceDB>jdbc:hsqldb:file:/opt/iter/src/test/resources/datacollection/datacollection46-service</serviceDB>
        <clientsDB>/opt/iter/src/test/resources/datacollection/datacollection46-clients</clientsDB>
        <testReports>
            <testReport>
                <testedProperty>plasticity</testedProperty>
                <testOutcome>SKIPPED</testOutcome>
            </testReport>
            <testReport>
                <testedProperty>inelasticity</testedProperty>
                <testOutcome>SKIPPED</testOutcome>
            </testReport>
            <testReport>
                <testedProperty>no-failed-request</testedProperty>
                <testOutcome>ERROR</testOutcome>
            </testReport>
            <testReport>
                <testedProperty>absolute-failed-requests-10</testedProperty>
                <testOutcome>ERROR</testOutcome>
            </testReport>
            <testReport>
                <testedProperty>relative-failed-requests-1.0-100</testedProperty>
                <testOutcome>ERROR</testOutcome>
            </testReport>
            <testReport>
                <testedProperty>relative-failed-requests-5.0-100</testedProperty>
                <testOutcome>ERROR</testOutcome>
            </testReport>
            <testReport>
                <testedProperty>relative-failed-requests-10.0-100</testedProperty>
                <testOutcome>ERROR</testOutcome>
            </testReport>
            <testReport>
                <testedProperty>avg-response-time</testedProperty>
                <testOutcome>PASSED</testOutcome>
            </testReport>
        </testReports>
    </testResult>
    <testResult>
        <testId>-89119554</testId>
        <customerName>ale</customerName>
        <serviceName>ale</serviceName>
        <loadGeneratorClass>at.ac.tuwien.iter.loadgenerators.TriangleLoadGenerator</loadGeneratorClass>
        <traceURL>http://10.99.0.118:8083/trace?tracespec=300:clients1,triangle,0.0,78.0;</traceURL>
        <recordedAt>1379706079598</recordedAt>
        <states>1.0 1.0 1.0 1.0 1.0 1.0 1.0 1.0 1.0 1.0 1.0 1.0 1.0 1.0 1.0 1.0 1.0 1.0 1.0 1.0 1.0 1.0 1.0 0.0</states>
        <parameters>0.41 78.0</parameters>
        <controllerDB>jdbc:hsqldb:file:/opt/iter/src/test/resources/datacollection/datacollection47-controller</controllerDB>
        <serviceDB>jdbc:hsqldb:file:/opt/iter/src/test/resources/datacollection/datacollection47-service</serviceDB>
        <clientsDB>/opt/iter/src/test/resources/datacollection/datacollection47-clients</clientsDB>
        <testReports>
            <testReport>
                <testedProperty>plasticity</testedProperty>
                <testOutcome>PASSED</testOutcome>
            </testReport>
            <testReport>
                <testedProperty>inelasticity</testedProperty>
                <testOutcome>PASSED</testOutcome>
            </testReport>
            <testReport>
                <testedProperty>no-failed-request</testedProperty>
                <testOutcome>ERROR</testOutcome>
            </testReport>
            <testReport>
                <testedProperty>absolute-failed-requests-10</testedProperty>
                <testOutcome>ERROR</testOutcome>
            </testReport>
            <testReport>
                <testedProperty>relative-failed-requests-1.0-100</testedProperty>
                <testOutcome>ERROR</testOutcome>
            </testReport>
            <testReport>
                <testedProperty>relative-failed-requests-5.0-100</testedProperty>
                <testOutcome>ERROR</testOutcome>
            </testReport>
            <testReport>
                <testedProperty>relative-failed-requests-10.0-100</testedProperty>
                <testOutcome>ERROR</testOutcome>
            </testReport>
            <testReport>
                <testedProperty>avg-response-time</testedProperty>
                <testOutcome>PASSED</testOutcome>
            </testReport>
        </testReports>
    </testResult>
    <testResult>
        <testId>-1472176164</testId>
        <customerName>ale</customerName>
        <serviceName>ale</serviceName>
        <loadGeneratorClass>at.ac.tuwien.iter.loadgenerators.TriangleLoadGenerator</loadGeneratorClass>
        <traceURL>http://10.99.0.118:8083/trace?tracespec=300:clients1,triangle,0.0,133.0;</traceURL>
        <recordedAt>1379706740289</recordedAt>
        <states>1.0 1.0 1.0 1.0 1.0 1.0 1.0 1.0 1.0 1.0 1.0 1.0 1.0 1.0 1.0 1.0 1.0 1.0 1.0 1.0 1.0 1.0 1.0 1.0</states>
        <parameters>0.2 133.0</parameters>
        <controllerDB>jdbc:hsqldb:file:/opt/iter/src/test/resources/datacollection/datacollection48-controller</controllerDB>
        <serviceDB>jdbc:hsqldb:file:/opt/iter/src/test/resources/datacollection/datacollection48-service</serviceDB>
        <clientsDB>/opt/iter/src/test/resources/datacollection/datacollection48-clients</clientsDB>
        <testReports>
            <testReport>
                <testedProperty>plasticity</testedProperty>
                <testOutcome>SKIPPED</testOutcome>
            </testReport>
            <testReport>
                <testedProperty>inelasticity</testedProperty>
                <testOutcome>SKIPPED</testOutcome>
            </testReport>
            <testReport>
                <testedProperty>no-failed-request</testedProperty>
                <testOutcome>ERROR</testOutcome>
            </testReport>
            <testReport>
                <testedProperty>absolute-failed-requests-10</testedProperty>
                <testOutcome>ERROR</testOutcome>
            </testReport>
            <testReport>
                <testedProperty>relative-failed-requests-1.0-100</testedProperty>
                <testOutcome>ERROR</testOutcome>
            </testReport>
            <testReport>
                <testedProperty>relative-failed-requests-5.0-100</testedProperty>
                <testOutcome>ERROR</testOutcome>
            </testReport>
            <testReport>
                <testedProperty>relative-failed-requests-10.0-100</testedProperty>
                <testOutcome>ERROR</testOutcome>
            </testReport>
            <testReport>
                <testedProperty>avg-response-time</testedProperty>
                <testOutcome>PASSED</testOutcome>
            </testReport>
        </testReports>
    </testResult>
    <testResult>
        <testId>-347675444</testId>
        <customerName>ale</customerName>
        <serviceName>ale</serviceName>
        <loadGeneratorClass>at.ac.tuwien.iter.loadgenerators.TriangleLoadGenerator</loadGeneratorClass>
        <traceURL>http://10.99.0.118:8083/trace?tracespec=300:clients1,triangle,0.0,207.0;</traceURL>
        <recordedAt>1379707400982</recordedAt>
        <states>1.0 1.0 1.0 1.0 1.0 1.0 1.0 1.0 1.0 1.0 1.0 1.0 1.0 1.0 1.0 1.0 1.0 1.0 1.0 1.0 1.0 1.0 1.0 1.0 1.0 1.0 1.0 1.0</states>
        <parameters>0.75 207.0</parameters>
        <controllerDB>jdbc:hsqldb:file:/opt/iter/src/test/resources/datacollection/datacollection49-controller</controllerDB>
        <serviceDB>jdbc:hsqldb:file:/opt/iter/src/test/resources/datacollection/datacollection49-service</serviceDB>
        <clientsDB>/opt/iter/src/test/resources/datacollection/datacollection49-clients</clientsDB>
        <testReports>
            <testReport>
                <testedProperty>plasticity</testedProperty>
                <testOutcome>SKIPPED</testOutcome>
            </testReport>
            <testReport>
                <testedProperty>inelasticity</testedProperty>
                <testOutcome>SKIPPED</testOutcome>
            </testReport>
            <testReport>
                <testedProperty>no-failed-request</testedProperty>
                <testOutcome>ERROR</testOutcome>
            </testReport>
            <testReport>
                <testedProperty>absolute-failed-requests-10</testedProperty>
                <testOutcome>ERROR</testOutcome>
            </testReport>
            <testReport>
                <testedProperty>relative-failed-requests-1.0-100</testedProperty>
                <testOutcome>ERROR</testOutcome>
            </testReport>
            <testReport>
                <testedProperty>relative-failed-requests-5.0-100</testedProperty>
                <testOutcome>ERROR</testOutcome>
            </testReport>
            <testReport>
                <testedProperty>relative-failed-requests-10.0-100</testedProperty>
                <testOutcome>ERROR</testOutcome>
            </testReport>
            <testReport>
                <testedProperty>avg-response-time</testedProperty>
                <testOutcome>PASSED</testOutcome>
            </testReport>
        </testReports>
    </testResult>
    <testResult>
        <testId>-1861833548</testId>
        <customerName>ale</customerName>
        <serviceName>ale</serviceName>
        <loadGeneratorClass>at.ac.tuwien.iter.loadgenerators.TriangleLoadGenerator</loadGeneratorClass>
        <traceURL>http://10.99.0.118:8083/trace?tracespec=300:clients1,triangle,0.0,277.0;</traceURL>
        <recordedAt>1379708061790</recordedAt>
        <states>1.0 1.0 1.0 1.0 1.0 1.0 1.0 1.0 1.0 1.0 1.0 1.0 1.0 1.0 1.0 1.0 1.0 1.0 1.0 1.0 1.0 1.0 1.0 1.0 1.0 1.0 1.0 1.0 1.0 1.0 1.0</states>
        <parameters>0.8 277.0</parameters>
        <controllerDB>jdbc:hsqldb:file:/opt/iter/src/test/resources/datacollection/datacollection50-controller</controllerDB>
        <serviceDB>jdbc:hsqldb:file:/opt/iter/src/test/resources/datacollection/datacollection50-service</serviceDB>
        <clientsDB>/opt/iter/src/test/resources/datacollection/datacollection50-clients</clientsDB>
        <testReports>
            <testReport>
                <testedProperty>plasticity</testedProperty>
                <testOutcome>SKIPPED</testOutcome>
            </testReport>
            <testReport>
                <testedProperty>inelasticity</testedProperty>
                <testOutcome>SKIPPED</testOutcome>
            </testReport>
            <testReport>
                <testedProperty>no-failed-request</testedProperty>
                <testOutcome>ERROR</testOutcome>
            </testReport>
            <testReport>
                <testedProperty>absolute-failed-requests-10</testedProperty>
                <testOutcome>ERROR</testOutcome>
            </testReport>
            <testReport>
                <testedProperty>relative-failed-requests-1.0-100</testedProperty>
                <testOutcome>ERROR</testOutcome>
            </testReport>
            <testReport>
                <testedProperty>relative-failed-requests-5.0-100</testedProperty>
                <testOutcome>ERROR</testOutcome>
            </testReport>
            <testReport>
                <testedProperty>relative-failed-requests-10.0-100</testedProperty>
                <testOutcome>ERROR</testOutcome>
            </testReport>
            <testReport>
                <testedProperty>avg-response-time</testedProperty>
                <testOutcome>PASSED</testOutcome>
            </testReport>
        </testReports>
    </testResult>
    <testResult>
        <testId>616351121</testId>
        <customerName>ale</customerName>
        <serviceName>ale</serviceName>
        <loadGeneratorClass>at.ac.tuwien.iter.loadgenerators.TriangleLoadGenerator</loadGeneratorClass>
        <traceURL>http://10.99.0.118:8083/trace?tracespec=300:clients1,triangle,0.0,126.0;</traceURL>
        <recordedAt>1379708782617</recordedAt>
        <states>1.0 1.0 1.0 1.0 1.0 1.0 1.0 1.0 1.0 1.0 1.0 1.0 1.0 1.0 1.0 1.0 1.0 1.0 1.0 1.0 1.0 1.0 1.0</states>
        <parameters>0.44 126.0</parameters>
        <controllerDB>jdbc:hsqldb:file:/opt/iter/src/test/resources/datacollection/datacollection42-controller</controllerDB>
        <serviceDB>jdbc:hsqldb:file:/opt/iter/src/test/resources/datacollection/datacollection42-service</serviceDB>
        <clientsDB>/opt/iter/src/test/resources/datacollection/datacollection42-clients</clientsDB>
        <testReports>
            <testReport>
                <testedProperty>plasticity</testedProperty>
                <testOutcome>SKIPPED</testOutcome>
            </testReport>
            <testReport>
                <testedProperty>inelasticity</testedProperty>
                <testOutcome>SKIPPED</testOutcome>
            </testReport>
            <testReport>
                <testedProperty>no-failed-request</testedProperty>
                <testOutcome>ERROR</testOutcome>
            </testReport>
            <testReport>
                <testedProperty>absolute-failed-requests-10</testedProperty>
                <testOutcome>ERROR</testOutcome>
            </testReport>
            <testReport>
                <testedProperty>relative-failed-requests-1.0-100</testedProperty>
                <testOutcome>ERROR</testOutcome>
            </testReport>
            <testReport>
                <testedProperty>relative-failed-requests-5.0-100</testedProperty>
                <testOutcome>ERROR</testOutcome>
            </testReport>
            <testReport>
                <testedProperty>relative-failed-requests-10.0-100</testedProperty>
                <testOutcome>ERROR</testOutcome>
            </testReport>
            <testReport>
                <testedProperty>avg-response-time</testedProperty>
                <testOutcome>PASSED</testOutcome>
            </testReport>
        </testReports>
    </testResult>
    <testResult>
        <testId>-808710746</testId>
        <customerName>ale</customerName>
        <serviceName>ale</serviceName>
        <loadGeneratorClass>at.ac.tuwien.iter.loadgenerators.TriangleLoadGenerator</loadGeneratorClass>
        <traceURL>http://10.99.0.118:8083/trace?tracespec=300:clients1,triangle,0.0,193.0;</traceURL>
        <recordedAt>1379709443278</recordedAt>
        <states>1.0 1.0 1.0 1.0 1.0 1.0 1.0 1.0 1.0 1.0 1.0 1.0 1.0</states>
        <parameters>0.61 193.0</parameters>
        <controllerDB>jdbc:hsqldb:file:/opt/iter/src/test/resources/datacollection/datacollection43-controller</controllerDB>
        <serviceDB>jdbc:hsqldb:file:/opt/iter/src/test/resources/datacollection/datacollection43-service</serviceDB>
        <clientsDB>/opt/iter/src/test/resources/datacollection/datacollection43-clients</clientsDB>
        <testReports/>
    </testResult>
</testResultsCollector>
